This is pdfTeX, Version 3.1415926-2.5-1.40.14 (TeX Live 2013/Debian) (format=pdflatex 2014.4.27)  1 JUN 2014 23:49
entering extended mode
 \write18 enabled.
 %&-line parsing enabled.
**Bakatoo_Vootele_Rotov.tex
(./Bakatoo_Vootele_Rotov.tex
LaTeX2e <2011/06/27>
Babel <3.9h> and hyphenation patterns for 28 languages loaded.
(/usr/share/texlive/texmf-dist/tex/latex/base/article.cls
Document Class: article 2007/10/19 v1.4h Standard LaTeX document class
(/usr/share/texlive/texmf-dist/tex/latex/base/size12.clo
File: size12.clo 2007/10/19 v1.4h Standard LaTeX file (size option)
)
\c@part=\count79
\c@section=\count80
\c@subsection=\count81
\c@subsubsection=\count82
\c@paragraph=\count83
\c@subparagraph=\count84
\c@figure=\count85
\c@table=\count86
\abovecaptionskip=\skip41
\belowcaptionskip=\skip42
\bibindent=\dimen102
)
(/usr/share/texlive/texmf-dist/tex/latex/geometry/geometry.sty
Package: geometry 2010/09/12 v5.6 Page Geometry

(/usr/share/texlive/texmf-dist/tex/latex/graphics/keyval.sty
Package: keyval 1999/03/16 v1.13 key=value parser (DPC)
\KV@toks@=\toks14
)
(/usr/share/texlive/texmf-dist/tex/generic/oberdiek/ifpdf.sty
Package: ifpdf 2011/01/30 v2.3 Provides the ifpdf switch (HO)
Package ifpdf Info: pdfTeX in PDF mode is detected.
)
(/usr/share/texlive/texmf-dist/tex/generic/oberdiek/ifvtex.sty
Package: ifvtex 2010/03/01 v1.5 Detect VTeX and its facilities (HO)
Package ifvtex Info: VTeX not detected.
)
(/usr/share/texlive/texmf-dist/tex/generic/ifxetex/ifxetex.sty
Package: ifxetex 2010/09/12 v0.6 Provides ifxetex conditional
)
\Gm@cnth=\count87
\Gm@cntv=\count88
\c@Gm@tempcnt=\count89
\Gm@bindingoffset=\dimen103
\Gm@wd@mp=\dimen104
\Gm@odd@mp=\dimen105
\Gm@even@mp=\dimen106
\Gm@layoutwidth=\dimen107
\Gm@layoutheight=\dimen108
\Gm@layouthoffset=\dimen109
\Gm@layoutvoffset=\dimen110
\Gm@dimlist=\toks15
)
(/usr/share/texlive/texmf-dist/tex/latex/amsfonts/amssymb.sty
Package: amssymb 2013/01/14 v3.01 AMS font symbols

(/usr/share/texlive/texmf-dist/tex/latex/amsfonts/amsfonts.sty
Package: amsfonts 2013/01/14 v3.01 Basic AMSFonts support
\@emptytoks=\toks16
\symAMSa=\mathgroup4
\symAMSb=\mathgroup5
LaTeX Font Info:    Overwriting math alphabet `\mathfrak' in version `bold'
(Font)                  U/euf/m/n --> U/euf/b/n on input line 106.
))
(/usr/share/texlive/texmf-dist/tex/latex/amsmath/amsmath.sty
Package: amsmath 2013/01/14 v2.14 AMS math features
\@mathmargin=\skip43

For additional information on amsmath, use the `?' option.
(/usr/share/texlive/texmf-dist/tex/latex/amsmath/amstext.sty
Package: amstext 2000/06/29 v2.01

(/usr/share/texlive/texmf-dist/tex/latex/amsmath/amsgen.sty
File: amsgen.sty 1999/11/30 v2.0
\@emptytoks=\toks17
\ex@=\dimen111
))
(/usr/share/texlive/texmf-dist/tex/latex/amsmath/amsbsy.sty
Package: amsbsy 1999/11/29 v1.2d
\pmbraise@=\dimen112
)
(/usr/share/texlive/texmf-dist/tex/latex/amsmath/amsopn.sty
Package: amsopn 1999/12/14 v2.01 operator names
)
\inf@bad=\count90
LaTeX Info: Redefining \frac on input line 210.
\uproot@=\count91
\leftroot@=\count92
LaTeX Info: Redefining \overline on input line 306.
\classnum@=\count93
\DOTSCASE@=\count94
LaTeX Info: Redefining \ldots on input line 378.
LaTeX Info: Redefining \dots on input line 381.
LaTeX Info: Redefining \cdots on input line 466.
\Mathstrutbox@=\box26
\strutbox@=\box27
\big@size=\dimen113
LaTeX Font Info:    Redeclaring font encoding OML on input line 566.
LaTeX Font Info:    Redeclaring font encoding OMS on input line 567.
\macc@depth=\count95
\c@MaxMatrixCols=\count96
\dotsspace@=\muskip10
\c@parentequation=\count97
\dspbrk@lvl=\count98
\tag@help=\toks18
\row@=\count99
\column@=\count100
\maxfields@=\count101
\andhelp@=\toks19
\eqnshift@=\dimen114
\alignsep@=\dimen115
\tagshift@=\dimen116
\tagwidth@=\dimen117
\totwidth@=\dimen118
\lineht@=\dimen119
\@envbody=\toks20
\multlinegap=\skip44
\multlinetaggap=\skip45
\mathdisplay@stack=\toks21
LaTeX Info: Redefining \[ on input line 2665.
LaTeX Info: Redefining \] on input line 2666.
)
(/usr/share/texlive/texmf-dist/tex/latex/amscls/amsthm.sty
Package: amsthm 2004/08/06 v2.20
\thm@style=\toks22
\thm@bodyfont=\toks23
\thm@headfont=\toks24
\thm@notefont=\toks25
\thm@headpunct=\toks26
\thm@preskip=\skip46
\thm@postskip=\skip47
\thm@headsep=\skip48
\dth@everypar=\toks27
)
(/usr/share/texlive/texmf-dist/tex/latex/base/inputenc.sty
Package: inputenc 2008/03/30 v1.1d Input encoding file
\inpenc@prehook=\toks28
\inpenc@posthook=\toks29

(/usr/share/texlive/texmf-dist/tex/latex/base/utf8.def
File: utf8.def 2008/04/05 v1.1m UTF-8 support for inputenc
Now handling font encoding OML ...
... no UTF-8 mapping file for font encoding OML
Now handling font encoding T1 ...
... processing UTF-8 mapping file for font encoding T1

(/usr/share/texlive/texmf-dist/tex/latex/base/t1enc.dfu
File: t1enc.dfu 2008/04/05 v1.1m UTF-8 support for inputenc
   defining Unicode char U+00A1 (decimal 161)
   defining Unicode char U+00A3 (decimal 163)
   defining Unicode char U+00AB (decimal 171)
   defining Unicode char U+00BB (decimal 187)
   defining Unicode char U+00BF (decimal 191)
   defining Unicode char U+00C0 (decimal 192)
   defining Unicode char U+00C1 (decimal 193)
   defining Unicode char U+00C2 (decimal 194)
   defining Unicode char U+00C3 (decimal 195)
   defining Unicode char U+00C4 (decimal 196)
   defining Unicode char U+00C5 (decimal 197)
   defining Unicode char U+00C6 (decimal 198)
   defining Unicode char U+00C7 (decimal 199)
   defining Unicode char U+00C8 (decimal 200)
   defining Unicode char U+00C9 (decimal 201)
   defining Unicode char U+00CA (decimal 202)
   defining Unicode char U+00CB (decimal 203)
   defining Unicode char U+00CC (decimal 204)
   defining Unicode char U+00CD (decimal 205)
   defining Unicode char U+00CE (decimal 206)
   defining Unicode char U+00CF (decimal 207)
   defining Unicode char U+00D0 (decimal 208)
   defining Unicode char U+00D1 (decimal 209)
   defining Unicode char U+00D2 (decimal 210)
   defining Unicode char U+00D3 (decimal 211)
   defining Unicode char U+00D4 (decimal 212)
   defining Unicode char U+00D5 (decimal 213)
   defining Unicode char U+00D6 (decimal 214)
   defining Unicode char U+00D8 (decimal 216)
   defining Unicode char U+00D9 (decimal 217)
   defining Unicode char U+00DA (decimal 218)
   defining Unicode char U+00DB (decimal 219)
   defining Unicode char U+00DC (decimal 220)
   defining Unicode char U+00DD (decimal 221)
   defining Unicode char U+00DE (decimal 222)
   defining Unicode char U+00DF (decimal 223)
   defining Unicode char U+00E0 (decimal 224)
   defining Unicode char U+00E1 (decimal 225)
   defining Unicode char U+00E2 (decimal 226)
   defining Unicode char U+00E3 (decimal 227)
   defining Unicode char U+00E4 (decimal 228)
   defining Unicode char U+00E5 (decimal 229)
   defining Unicode char U+00E6 (decimal 230)
   defining Unicode char U+00E7 (decimal 231)
   defining Unicode char U+00E8 (decimal 232)
   defining Unicode char U+00E9 (decimal 233)
   defining Unicode char U+00EA (decimal 234)
   defining Unicode char U+00EB (decimal 235)
   defining Unicode char U+00EC (decimal 236)
   defining Unicode char U+00ED (decimal 237)
   defining Unicode char U+00EE (decimal 238)
   defining Unicode char U+00EF (decimal 239)
   defining Unicode char U+00F0 (decimal 240)
   defining Unicode char U+00F1 (decimal 241)
   defining Unicode char U+00F2 (decimal 242)
   defining Unicode char U+00F3 (decimal 243)
   defining Unicode char U+00F4 (decimal 244)
   defining Unicode char U+00F5 (decimal 245)
   defining Unicode char U+00F6 (decimal 246)
   defining Unicode char U+00F8 (decimal 248)
   defining Unicode char U+00F9 (decimal 249)
   defining Unicode char U+00FA (decimal 250)
   defining Unicode char U+00FB (decimal 251)
   defining Unicode char U+00FC (decimal 252)
   defining Unicode char U+00FD (decimal 253)
   defining Unicode char U+00FE (decimal 254)
   defining Unicode char U+00FF (decimal 255)
   defining Unicode char U+0102 (decimal 258)
   defining Unicode char U+0103 (decimal 259)
   defining Unicode char U+0104 (decimal 260)
   defining Unicode char U+0105 (decimal 261)
   defining Unicode char U+0106 (decimal 262)
   defining Unicode char U+0107 (decimal 263)
   defining Unicode char U+010C (decimal 268)
   defining Unicode char U+010D (decimal 269)
   defining Unicode char U+010E (decimal 270)
   defining Unicode char U+010F (decimal 271)
   defining Unicode char U+0110 (decimal 272)
   defining Unicode char U+0111 (decimal 273)
   defining Unicode char U+0118 (decimal 280)
   defining Unicode char U+0119 (decimal 281)
   defining Unicode char U+011A (decimal 282)
   defining Unicode char U+011B (decimal 283)
   defining Unicode char U+011E (decimal 286)
   defining Unicode char U+011F (decimal 287)
   defining Unicode char U+0130 (decimal 304)
   defining Unicode char U+0131 (decimal 305)
   defining Unicode char U+0132 (decimal 306)
   defining Unicode char U+0133 (decimal 307)
   defining Unicode char U+0139 (decimal 313)
   defining Unicode char U+013A (decimal 314)
   defining Unicode char U+013D (decimal 317)
   defining Unicode char U+013E (decimal 318)
   defining Unicode char U+0141 (decimal 321)
   defining Unicode char U+0142 (decimal 322)
   defining Unicode char U+0143 (decimal 323)
   defining Unicode char U+0144 (decimal 324)
   defining Unicode char U+0147 (decimal 327)
   defining Unicode char U+0148 (decimal 328)
   defining Unicode char U+014A (decimal 330)
   defining Unicode char U+014B (decimal 331)
   defining Unicode char U+0150 (decimal 336)
   defining Unicode char U+0151 (decimal 337)
   defining Unicode char U+0152 (decimal 338)
   defining Unicode char U+0153 (decimal 339)
   defining Unicode char U+0154 (decimal 340)
   defining Unicode char U+0155 (decimal 341)
   defining Unicode char U+0158 (decimal 344)
   defining Unicode char U+0159 (decimal 345)
   defining Unicode char U+015A (decimal 346)
   defining Unicode char U+015B (decimal 347)
   defining Unicode char U+015E (decimal 350)
   defining Unicode char U+015F (decimal 351)
   defining Unicode char U+0160 (decimal 352)
   defining Unicode char U+0161 (decimal 353)
   defining Unicode char U+0162 (decimal 354)
   defining Unicode char U+0163 (decimal 355)
   defining Unicode char U+0164 (decimal 356)
   defining Unicode char U+0165 (decimal 357)
   defining Unicode char U+016E (decimal 366)
   defining Unicode char U+016F (decimal 367)
   defining Unicode char U+0170 (decimal 368)
   defining Unicode char U+0171 (decimal 369)
   defining Unicode char U+0178 (decimal 376)
   defining Unicode char U+0179 (decimal 377)
   defining Unicode char U+017A (decimal 378)
   defining Unicode char U+017B (decimal 379)
   defining Unicode char U+017C (decimal 380)
   defining Unicode char U+017D (decimal 381)
   defining Unicode char U+017E (decimal 382)
   defining Unicode char U+200C (decimal 8204)
   defining Unicode char U+2013 (decimal 8211)
   defining Unicode char U+2014 (decimal 8212)
   defining Unicode char U+2018 (decimal 8216)
   defining Unicode char U+2019 (decimal 8217)
   defining Unicode char U+201A (decimal 8218)
   defining Unicode char U+201C (decimal 8220)
   defining Unicode char U+201D (decimal 8221)
   defining Unicode char U+201E (decimal 8222)
   defining Unicode char U+2030 (decimal 8240)
   defining Unicode char U+2031 (decimal 8241)
   defining Unicode char U+2039 (decimal 8249)
   defining Unicode char U+203A (decimal 8250)
   defining Unicode char U+2423 (decimal 9251)
)
Now handling font encoding OT1 ...
... processing UTF-8 mapping file for font encoding OT1

(/usr/share/texlive/texmf-dist/tex/latex/base/ot1enc.dfu
File: ot1enc.dfu 2008/04/05 v1.1m UTF-8 support for inputenc
   defining Unicode char U+00A1 (decimal 161)
   defining Unicode char U+00A3 (decimal 163)
   defining Unicode char U+00B8 (decimal 184)
   defining Unicode char U+00BF (decimal 191)
   defining Unicode char U+00C5 (decimal 197)
   defining Unicode char U+00C6 (decimal 198)
   defining Unicode char U+00D8 (decimal 216)
   defining Unicode char U+00DF (decimal 223)
   defining Unicode char U+00E6 (decimal 230)
   defining Unicode char U+00EC (decimal 236)
   defining Unicode char U+00ED (decimal 237)
   defining Unicode char U+00EE (decimal 238)
   defining Unicode char U+00EF (decimal 239)
   defining Unicode char U+00F8 (decimal 248)
   defining Unicode char U+0131 (decimal 305)
   defining Unicode char U+0141 (decimal 321)
   defining Unicode char U+0142 (decimal 322)
   defining Unicode char U+0152 (decimal 338)
   defining Unicode char U+0153 (decimal 339)
   defining Unicode char U+2013 (decimal 8211)
   defining Unicode char U+2014 (decimal 8212)
   defining Unicode char U+2018 (decimal 8216)
   defining Unicode char U+2019 (decimal 8217)
   defining Unicode char U+201C (decimal 8220)
   defining Unicode char U+201D (decimal 8221)
)
Now handling font encoding OMS ...
... processing UTF-8 mapping file for font encoding OMS

(/usr/share/texlive/texmf-dist/tex/latex/base/omsenc.dfu
File: omsenc.dfu 2008/04/05 v1.1m UTF-8 support for inputenc
   defining Unicode char U+00A7 (decimal 167)
   defining Unicode char U+00B6 (decimal 182)
   defining Unicode char U+00B7 (decimal 183)
   defining Unicode char U+2020 (decimal 8224)
   defining Unicode char U+2021 (decimal 8225)
   defining Unicode char U+2022 (decimal 8226)
)
Now handling font encoding OMX ...
... no UTF-8 mapping file for font encoding OMX
Now handling font encoding U ...
... no UTF-8 mapping file for font encoding U
   defining Unicode char U+00A9 (decimal 169)
   defining Unicode char U+00AA (decimal 170)
   defining Unicode char U+00AE (decimal 174)
   defining Unicode char U+00BA (decimal 186)
   defining Unicode char U+02C6 (decimal 710)
   defining Unicode char U+02DC (decimal 732)
   defining Unicode char U+200C (decimal 8204)
   defining Unicode char U+2026 (decimal 8230)
   defining Unicode char U+2122 (decimal 8482)
   defining Unicode char U+2423 (decimal 9251)
))
(/usr/share/texlive/texmf-dist/tex/latex/tools/enumerate.sty
Package: enumerate 1999/03/05 v3.00 enumerate extensions (DPC)
\@enLab=\toks30
)
(/usr/share/texlive/texmf-dist/tex/latex/graphics/color.sty
Package: color 2005/11/14 v1.0j Standard LaTeX Color (DPC)

(/etc/texmf/tex/latex/config/color.cfg
File: color.cfg 2007/01/18 v1.5 color configuration of teTeX/TeXLive
)
Package color Info: Driver file: pdftex.def on input line 130.

(/usr/share/texlive/texmf-dist/tex/latex/pdftex-def/pdftex.def
File: pdftex.def 2011/05/27 v0.06d Graphics/color for pdfTeX

(/usr/share/texlive/texmf-dist/tex/generic/oberdiek/infwarerr.sty
Package: infwarerr 2010/04/08 v1.3 Providing info/warning/error messages (HO)
)
(/usr/share/texlive/texmf-dist/tex/generic/oberdiek/ltxcmds.sty
Package: ltxcmds 2011/11/09 v1.22 LaTeX kernel commands for general use (HO)
)
\Gread@gobject=\count102
))
(/usr/share/texlive/texmf-dist/tex/latex/graphics/graphicx.sty
Package: graphicx 1999/02/16 v1.0f Enhanced LaTeX Graphics (DPC,SPQR)

(/usr/share/texlive/texmf-dist/tex/latex/graphics/graphics.sty
Package: graphics 2009/02/05 v1.0o Standard LaTeX Graphics (DPC,SPQR)

(/usr/share/texlive/texmf-dist/tex/latex/graphics/trig.sty
Package: trig 1999/03/16 v1.09 sin cos tan (DPC)
)
(/etc/texmf/tex/latex/config/graphics.cfg
File: graphics.cfg 2009/08/28 v1.8 graphics configuration of TeX Live
)
Package graphics Info: Driver file: pdftex.def on input line 91.
)
\Gin@req@height=\dimen120
\Gin@req@width=\dimen121
)
(/usr/share/texlive/texmf-dist/tex/generic/babel/babel.sty
Package: babel 2013/12/03 3.9h The Babel package

(/usr/share/texlive/texmf-dist/tex/generic/babel-estonian/estonian.ldf
Language: estonian 2009/03/08 v1.0k Estonian support from the babel system

(/usr/share/texlive/texmf-dist/tex/generic/babel/babel.def
File: babel.def 2013/12/03 3.9h Babel common definitions
\babel@savecnt=\count103
\U@D=\dimen122
)
Package babel Info: Making " an active character on input line 98.
Warning: Hyphenation would work better for the T1 encoding.
))
(/usr/share/texmf/tex/latex/xcolor/xcolor.sty
Package: xcolor 2007/01/21 v2.11 LaTeX color extensions (UK)

(/etc/texmf/tex/latex/config/color.cfg
File: color.cfg 2007/01/18 v1.5 color configuration of teTeX/TeXLive
)
Package xcolor Info: Package option `usenames' ignored on input line 216.
Package xcolor Info: Driver file: pdftex.def on input line 225.
LaTeX Info: Redefining \color on input line 702.
Package xcolor Info: Model `cmy' substituted by `cmy0' on input line 1337.
Package xcolor Info: Model `hsb' substituted by `rgb' on input line 1341.
Package xcolor Info: Model `RGB' extended on input line 1353.
Package xcolor Info: Model `HTML' substituted by `rgb' on input line 1355.
Package xcolor Info: Model `Hsb' substituted by `hsb' on input line 1356.
Package xcolor Info: Model `tHsb' substituted by `hsb' on input line 1357.
Package xcolor Info: Model `HSB' substituted by `hsb' on input line 1358.
Package xcolor Info: Model `Gray' substituted by `gray' on input line 1359.
Package xcolor Info: Model `wave' substituted by `hsb' on input line 1360.

(/usr/share/texlive/texmf-dist/tex/latex/graphics/dvipsnam.def
File: dvipsnam.def 1999/02/16 v3.0i Driver-dependant file (DPC,SPQR)
))
(/usr/share/texlive/texmf-dist/tex/latex/float/float.sty
Package: float 2001/11/08 v1.3d Float enhancements (AL)
\c@float@type=\count104
\float@exts=\toks31
\float@box=\box28
\@float@everytoks=\toks32
\@floatcapt=\box29
)
(/usr/share/texlive/texmf-dist/tex/latex/cite/cite.sty
LaTeX Info: Redefining \cite on input line 302.
LaTeX Info: Redefining \nocite on input line 373.
Package: cite 2010/09/10  v 5.3
)
(/usr/share/texlive/texmf-dist/tex/latex/etoolbox/etoolbox.sty
Package: etoolbox 2011/01/03 v2.1 e-TeX tools for LaTeX

(/usr/share/texlive/texmf-dist/tex/latex/etex-pkg/etex.sty
Package: etex 1998/03/26 v2.0 eTeX basic definition package (PEB)
\et@xins=\count105
)
\etb@tempcnta=\count106
)
(/usr/share/texlive/texmf-dist/tex/latex/theoremref/theoremref.sty
Package: theoremref 2013/05/22 References with automatic theorem names
\thmref@num=\count107
)
(/usr/share/texlive/texmf-dist/tex/latex/hyperref/hyperref.sty
Package: hyperref 2012/11/06 v6.83m Hypertext links for LaTeX

(/usr/share/texlive/texmf-dist/tex/generic/oberdiek/hobsub-hyperref.sty
Package: hobsub-hyperref 2012/05/28 v1.13 Bundle oberdiek, subset hyperref (HO)


(/usr/share/texlive/texmf-dist/tex/generic/oberdiek/hobsub-generic.sty
Package: hobsub-generic 2012/05/28 v1.13 Bundle oberdiek, subset generic (HO)
Package: hobsub 2012/05/28 v1.13 Construct package bundles (HO)
Package hobsub Info: Skipping package `infwarerr' (already loaded).
Package hobsub Info: Skipping package `ltxcmds' (already loaded).
Package: ifluatex 2010/03/01 v1.3 Provides the ifluatex switch (HO)
Package ifluatex Info: LuaTeX not detected.
Package hobsub Info: Skipping package `ifvtex' (already loaded).
Package: intcalc 2007/09/27 v1.1 Expandable calculations with integers (HO)
Package hobsub Info: Skipping package `ifpdf' (already loaded).
Package: etexcmds 2011/02/16 v1.5 Avoid name clashes with e-TeX commands (HO)
Package etexcmds Info: Could not find \expanded.
(etexcmds)             That can mean that you are not using pdfTeX 1.50 or
(etexcmds)             that some package has redefined \expanded.
(etexcmds)             In the latter case, load this package earlier.
Package: kvsetkeys 2012/04/25 v1.16 Key value parser (HO)
Package: kvdefinekeys 2011/04/07 v1.3 Define keys (HO)
Package: pdftexcmds 2011/11/29 v0.20 Utility functions of pdfTeX for LuaTeX (HO
)
Package pdftexcmds Info: LuaTeX not detected.
Package pdftexcmds Info: \pdf@primitive is available.
Package pdftexcmds Info: \pdf@ifprimitive is available.
Package pdftexcmds Info: \pdfdraftmode found.
Package: pdfescape 2011/11/25 v1.13 Implements pdfTeX's escape features (HO)
Package: bigintcalc 2012/04/08 v1.3 Expandable calculations on big integers (HO
)
Package: bitset 2011/01/30 v1.1 Handle bit-vector datatype (HO)
Package: uniquecounter 2011/01/30 v1.2 Provide unlimited unique counter (HO)
)
Package hobsub Info: Skipping package `hobsub' (already loaded).
Package: letltxmacro 2010/09/02 v1.4 Let assignment for LaTeX macros (HO)
Package: hopatch 2012/05/28 v1.2 Wrapper for package hooks (HO)
Package: xcolor-patch 2011/01/30 xcolor patch
Package: atveryend 2011/06/30 v1.8 Hooks at the very end of document (HO)
Package: atbegshi 2011/10/05 v1.16 At begin shipout hook (HO)
Package: refcount 2011/10/16 v3.4 Data extraction from label references (HO)
Package: hycolor 2011/01/30 v1.7 Color options for hyperref/bookmark (HO)
)
(/usr/share/texlive/texmf-dist/tex/latex/oberdiek/auxhook.sty
Package: auxhook 2011/03/04 v1.3 Hooks for auxiliary files (HO)
)
(/usr/share/texlive/texmf-dist/tex/latex/oberdiek/kvoptions.sty
Package: kvoptions 2011/06/30 v3.11 Key value format for package options (HO)
)
\@linkdim=\dimen123
\Hy@linkcounter=\count108
\Hy@pagecounter=\count109

(/usr/share/texlive/texmf-dist/tex/latex/hyperref/pd1enc.def
File: pd1enc.def 2012/11/06 v6.83m Hyperref: PDFDocEncoding definition (HO)
Now handling font encoding PD1 ...
... no UTF-8 mapping file for font encoding PD1
)
\Hy@SavedSpaceFactor=\count110

(/usr/share/texlive/texmf-dist/tex/latex/latexconfig/hyperref.cfg
File: hyperref.cfg 2002/06/06 v1.2 hyperref configuration of TeXLive
)
Package hyperref Info: Hyper figures OFF on input line 4443.
Package hyperref Info: Link nesting OFF on input line 4448.
Package hyperref Info: Hyper index ON on input line 4451.
Package hyperref Info: Plain pages OFF on input line 4458.
Package hyperref Info: Backreferencing OFF on input line 4463.
Package hyperref Info: Implicit mode ON; LaTeX internals redefined.
Package hyperref Info: Bookmarks ON on input line 4688.
\c@Hy@tempcnt=\count111

(/usr/share/texlive/texmf-dist/tex/latex/url/url.sty
\Urlmuskip=\muskip11
Package: url 2013/09/16  ver 3.4  Verb mode for urls, etc.
)
LaTeX Info: Redefining \url on input line 5041.
\XeTeXLinkMargin=\dimen124
\Fld@menulength=\count112
\Field@Width=\dimen125
\Fld@charsize=\dimen126
Package hyperref Info: Hyper figures OFF on input line 6295.
Package hyperref Info: Link nesting OFF on input line 6300.
Package hyperref Info: Hyper index ON on input line 6303.
Package hyperref Info: backreferencing OFF on input line 6310.
Package hyperref Info: Link coloring OFF on input line 6315.
Package hyperref Info: Link coloring with OCG OFF on input line 6320.
Package hyperref Info: PDF/A mode OFF on input line 6325.
LaTeX Info: Redefining \ref on input line 6365.
LaTeX Info: Redefining \pageref on input line 6369.
\Hy@abspage=\count113
\c@Item=\count114
\c@Hfootnote=\count115
)

Package hyperref Message: Driver (autodetected): hpdftex.

(/usr/share/texlive/texmf-dist/tex/latex/hyperref/hpdftex.def
File: hpdftex.def 2012/11/06 v6.83m Hyperref driver for pdfTeX
\Fld@listcount=\count116
\c@bookmark@seq@number=\count117

(/usr/share/texlive/texmf-dist/tex/latex/oberdiek/rerunfilecheck.sty
Package: rerunfilecheck 2011/04/15 v1.7 Rerun checks for auxiliary files (HO)
Package uniquecounter Info: New unique counter `rerunfilecheck' on input line 2
82.
)
\Hy@SectionHShift=\skip49
)
(/usr/share/texmf/tex/latex/pgf/frontendlayer/tikz.sty
(/usr/share/texmf/tex/latex/pgf/basiclayer/pgf.sty
(/usr/share/texmf/tex/latex/pgf/utilities/pgfrcs.sty
(/usr/share/texmf/tex/generic/pgf/utilities/pgfutil-common.tex
\pgfutil@everybye=\toks33
)
(/usr/share/texmf/tex/generic/pgf/utilities/pgfutil-latex.def
\pgfutil@abb=\box30

(/usr/share/texlive/texmf-dist/tex/latex/ms/everyshi.sty
Package: everyshi 2001/05/15 v3.00 EveryShipout Package (MS)
))
(/usr/share/texmf/tex/generic/pgf/utilities/pgfrcs.code.tex
Package: pgfrcs 2010/10/25 v2.10 (rcs-revision 1.24)
))
Package: pgf 2008/01/15 v2.10 (rcs-revision 1.12)

(/usr/share/texmf/tex/latex/pgf/basiclayer/pgfcore.sty
(/usr/share/texmf/tex/latex/pgf/systemlayer/pgfsys.sty
(/usr/share/texmf/tex/generic/pgf/systemlayer/pgfsys.code.tex
Package: pgfsys 2010/06/30 v2.10 (rcs-revision 1.37)

(/usr/share/texmf/tex/generic/pgf/utilities/pgfkeys.code.tex
\pgfkeys@pathtoks=\toks34
\pgfkeys@temptoks=\toks35

(/usr/share/texmf/tex/generic/pgf/utilities/pgfkeysfiltered.code.tex
\pgfkeys@tmptoks=\toks36
))
\pgf@x=\dimen127
\pgf@y=\dimen128
\pgf@xa=\dimen129
\pgf@ya=\dimen130
\pgf@xb=\dimen131
\pgf@yb=\dimen132
\pgf@xc=\dimen133
\pgf@yc=\dimen134
\w@pgf@writea=\write3
\r@pgf@reada=\read1
\c@pgf@counta=\count118
\c@pgf@countb=\count119
\c@pgf@countc=\count120
\c@pgf@countd=\count121

(/usr/share/texmf/tex/generic/pgf/systemlayer/pgf.cfg
File: pgf.cfg 2008/05/14  (rcs-revision 1.7)
)
Package pgfsys Info: Driver file for pgf: pgfsys-pdftex.def on input line 900.

(/usr/share/texmf/tex/generic/pgf/systemlayer/pgfsys-pdftex.def
File: pgfsys-pdftex.def 2009/05/22  (rcs-revision 1.26)

(/usr/share/texmf/tex/generic/pgf/systemlayer/pgfsys-common-pdf.def
File: pgfsys-common-pdf.def 2008/05/19  (rcs-revision 1.10)
)))
(/usr/share/texmf/tex/generic/pgf/systemlayer/pgfsyssoftpath.code.tex
File: pgfsyssoftpath.code.tex 2008/07/18  (rcs-revision 1.7)
\pgfsyssoftpath@smallbuffer@items=\count122
\pgfsyssoftpath@bigbuffer@items=\count123
)
(/usr/share/texmf/tex/generic/pgf/systemlayer/pgfsysprotocol.code.tex
File: pgfsysprotocol.code.tex 2006/10/16  (rcs-revision 1.4)
))
(/usr/share/texmf/tex/generic/pgf/basiclayer/pgfcore.code.tex
Package: pgfcore 2010/04/11 v2.10 (rcs-revision 1.7)

(/usr/share/texmf/tex/generic/pgf/math/pgfmath.code.tex
(/usr/share/texmf/tex/generic/pgf/math/pgfmathcalc.code.tex
(/usr/share/texmf/tex/generic/pgf/math/pgfmathutil.code.tex)
(/usr/share/texmf/tex/generic/pgf/math/pgfmathparser.code.tex
\pgfmath@dimen=\dimen135
\pgfmath@count=\count124
\pgfmath@box=\box31
\pgfmath@toks=\toks37
\pgfmath@stack@operand=\toks38
\pgfmath@stack@operation=\toks39
)
(/usr/share/texmf/tex/generic/pgf/math/pgfmathfunctions.code.tex
(/usr/share/texmf/tex/generic/pgf/math/pgfmathfunctions.basic.code.tex)
(/usr/share/texmf/tex/generic/pgf/math/pgfmathfunctions.trigonometric.code.tex)
(/usr/share/texmf/tex/generic/pgf/math/pgfmathfunctions.random.code.tex)
(/usr/share/texmf/tex/generic/pgf/math/pgfmathfunctions.comparison.code.tex)
(/usr/share/texmf/tex/generic/pgf/math/pgfmathfunctions.base.code.tex)
(/usr/share/texmf/tex/generic/pgf/math/pgfmathfunctions.round.code.tex)
(/usr/share/texmf/tex/generic/pgf/math/pgfmathfunctions.misc.code.tex)))
(/usr/share/texmf/tex/generic/pgf/math/pgfmathfloat.code.tex
\c@pgfmathroundto@lastzeros=\count125
))
(/usr/share/texmf/tex/generic/pgf/basiclayer/pgfcorepoints.code.tex
File: pgfcorepoints.code.tex 2010/04/09  (rcs-revision 1.20)
\pgf@picminx=\dimen136
\pgf@picmaxx=\dimen137
\pgf@picminy=\dimen138
\pgf@picmaxy=\dimen139
\pgf@pathminx=\dimen140
\pgf@pathmaxx=\dimen141
\pgf@pathminy=\dimen142
\pgf@pathmaxy=\dimen143
\pgf@xx=\dimen144
\pgf@xy=\dimen145
\pgf@yx=\dimen146
\pgf@yy=\dimen147
\pgf@zx=\dimen148
\pgf@zy=\dimen149
)
(/usr/share/texmf/tex/generic/pgf/basiclayer/pgfcorepathconstruct.code.tex
File: pgfcorepathconstruct.code.tex 2010/08/03  (rcs-revision 1.24)
\pgf@path@lastx=\dimen150
\pgf@path@lasty=\dimen151
)
(/usr/share/texmf/tex/generic/pgf/basiclayer/pgfcorepathusage.code.tex
File: pgfcorepathusage.code.tex 2008/04/22  (rcs-revision 1.12)
\pgf@shorten@end@additional=\dimen152
\pgf@shorten@start@additional=\dimen153
)
(/usr/share/texmf/tex/generic/pgf/basiclayer/pgfcorescopes.code.tex
File: pgfcorescopes.code.tex 2010/09/08  (rcs-revision 1.34)
\pgfpic=\box32
\pgf@hbox=\box33
\pgf@layerbox@main=\box34
\pgf@picture@serial@count=\count126
)
(/usr/share/texmf/tex/generic/pgf/basiclayer/pgfcoregraphicstate.code.tex
File: pgfcoregraphicstate.code.tex 2008/04/22  (rcs-revision 1.9)
\pgflinewidth=\dimen154
)
(/usr/share/texmf/tex/generic/pgf/basiclayer/pgfcoretransformations.code.tex
File: pgfcoretransformations.code.tex 2009/06/10  (rcs-revision 1.11)
\pgf@pt@x=\dimen155
\pgf@pt@y=\dimen156
\pgf@pt@temp=\dimen157
)
(/usr/share/texmf/tex/generic/pgf/basiclayer/pgfcorequick.code.tex
File: pgfcorequick.code.tex 2008/10/09  (rcs-revision 1.3)
)
(/usr/share/texmf/tex/generic/pgf/basiclayer/pgfcoreobjects.code.tex
File: pgfcoreobjects.code.tex 2006/10/11  (rcs-revision 1.2)
)
(/usr/share/texmf/tex/generic/pgf/basiclayer/pgfcorepathprocessing.code.tex
File: pgfcorepathprocessing.code.tex 2008/10/09  (rcs-revision 1.8)
)
(/usr/share/texmf/tex/generic/pgf/basiclayer/pgfcorearrows.code.tex
File: pgfcorearrows.code.tex 2008/04/23  (rcs-revision 1.11)
)
(/usr/share/texmf/tex/generic/pgf/basiclayer/pgfcoreshade.code.tex
File: pgfcoreshade.code.tex 2008/11/23  (rcs-revision 1.13)
\pgf@max=\dimen158
\pgf@sys@shading@range@num=\count127
)
(/usr/share/texmf/tex/generic/pgf/basiclayer/pgfcoreimage.code.tex
File: pgfcoreimage.code.tex 2010/03/25  (rcs-revision 1.16)

(/usr/share/texmf/tex/generic/pgf/basiclayer/pgfcoreexternal.code.tex
File: pgfcoreexternal.code.tex 2010/09/01  (rcs-revision 1.17)
\pgfexternal@startupbox=\box35
))
(/usr/share/texmf/tex/generic/pgf/basiclayer/pgfcorelayers.code.tex
File: pgfcorelayers.code.tex 2010/08/27  (rcs-revision 1.2)
)
(/usr/share/texmf/tex/generic/pgf/basiclayer/pgfcoretransparency.code.tex
File: pgfcoretransparency.code.tex 2008/01/17  (rcs-revision 1.2)
)
(/usr/share/texmf/tex/generic/pgf/basiclayer/pgfcorepatterns.code.tex
File: pgfcorepatterns.code.tex 2009/07/02  (rcs-revision 1.3)
)))
(/usr/share/texmf/tex/generic/pgf/modules/pgfmoduleshapes.code.tex
File: pgfmoduleshapes.code.tex 2010/09/09  (rcs-revision 1.13)
\pgfnodeparttextbox=\box36
)
(/usr/share/texmf/tex/generic/pgf/modules/pgfmoduleplot.code.tex
File: pgfmoduleplot.code.tex 2010/10/22  (rcs-revision 1.8)
)
(/usr/share/texmf/tex/latex/pgf/compatibility/pgfcomp-version-0-65.sty
Package: pgfcomp-version-0-65 2007/07/03 v2.10 (rcs-revision 1.7)
\pgf@nodesepstart=\dimen159
\pgf@nodesepend=\dimen160
)
(/usr/share/texmf/tex/latex/pgf/compatibility/pgfcomp-version-1-18.sty
Package: pgfcomp-version-1-18 2007/07/23 v2.10 (rcs-revision 1.1)
))
(/usr/share/texmf/tex/latex/pgf/utilities/pgffor.sty
(/usr/share/texmf/tex/latex/pgf/utilities/pgfkeys.sty
(/usr/share/texmf/tex/generic/pgf/utilities/pgfkeys.code.tex))
(/usr/share/texmf/tex/generic/pgf/utilities/pgffor.code.tex
Package: pgffor 2010/03/23 v2.10 (rcs-revision 1.18)
\pgffor@iter=\dimen161
\pgffor@skip=\dimen162
\pgffor@stack=\toks40
\pgffor@toks=\toks41
))
(/usr/share/texmf/tex/generic/pgf/frontendlayer/tikz/tikz.code.tex
Package: tikz 2010/10/13 v2.10 (rcs-revision 1.76)

(/usr/share/texmf/tex/generic/pgf/libraries/pgflibraryplothandlers.code.tex
File: pgflibraryplothandlers.code.tex 2010/05/31 v2.10 (rcs-revision 1.15)
\pgf@plot@mark@count=\count128
\pgfplotmarksize=\dimen163
)
\tikz@lastx=\dimen164
\tikz@lasty=\dimen165
\tikz@lastxsaved=\dimen166
\tikz@lastysaved=\dimen167
\tikzleveldistance=\dimen168
\tikzsiblingdistance=\dimen169
\tikz@figbox=\box37
\tikz@tempbox=\box38
\tikztreelevel=\count129
\tikznumberofchildren=\count130
\tikznumberofcurrentchild=\count131
\tikz@fig@count=\count132

(/usr/share/texmf/tex/generic/pgf/modules/pgfmodulematrix.code.tex
File: pgfmodulematrix.code.tex 2010/08/24  (rcs-revision 1.4)
\pgfmatrixcurrentrow=\count133
\pgfmatrixcurrentcolumn=\count134
\pgf@matrix@numberofcolumns=\count135
)
\tikz@expandcount=\count136

(/usr/share/texmf/tex/generic/pgf/frontendlayer/tikz/libraries/tikzlibrarytopat
hs.code.tex
File: tikzlibrarytopaths.code.tex 2008/06/17 v2.10 (rcs-revision 1.2)
))) (/usr/share/texlive/texmf-dist/tex/latex/framed/framed.sty
Package: framed 2011/10/22 v 0.96: framed or shaded text with page breaks
\OuterFrameSep=\skip50
\fb@frw=\dimen170
\fb@frh=\dimen171
\FrameRule=\dimen172
\FrameSep=\dimen173
)
(/usr/share/texlive/texmf-dist/tex/latex/mdframed/mdframed.sty
Package: mdframed 2013/07/01 1.9b: mdframed

(/usr/share/texlive/texmf-dist/tex/latex/l3packages/xparse/xparse.sty
(/usr/share/texlive/texmf-dist/tex/latex/l3kernel/expl3.sty
(/usr/share/texlive/texmf-dist/tex/latex/l3kernel/l3names.sty
(/usr/share/texlive/texmf-dist/tex/latex/l3kernel/l3bootstrap.sty
Package: l3bootstrap 2014/01/04 v4640 L3 Experimental bootstrap code
)
Package: l3names 2014/01/04 v4640 L3 Namespace for primitives
)
Package: expl3 2014/01/07 v4646 L3 Experimental code bundle wrapper

(/usr/share/texlive/texmf-dist/tex/latex/l3kernel/l3basics.sty
Package: l3basics 2014/01/04 v4642 L3 Basic definitions
)
(/usr/share/texlive/texmf-dist/tex/latex/l3kernel/l3expan.sty
Package: l3expan 2014/01/04 v4642 L3 Argument expansion
)
(/usr/share/texlive/texmf-dist/tex/latex/l3kernel/l3tl.sty
Package: l3tl 2013/12/27 v4625 L3 Token lists
)
(/usr/share/texlive/texmf-dist/tex/latex/l3kernel/l3seq.sty
Package: l3seq 2013/12/14 v4623 L3 Sequences and stacks
)
(/usr/share/texlive/texmf-dist/tex/latex/l3kernel/l3int.sty
Package: l3int 2013/08/02 v4583 L3 Integers
\c_max_int=\count137
\l_tmpa_int=\count138
\l_tmpb_int=\count139
\g_tmpa_int=\count140
\g_tmpb_int=\count141
)
(/usr/share/texlive/texmf-dist/tex/latex/l3kernel/l3quark.sty
Package: l3quark 2013/12/14 v4623 L3 Quarks
)
(/usr/share/texlive/texmf-dist/tex/latex/l3kernel/l3prg.sty
Package: l3prg 2014/01/04 v4642 L3 Control structures
\g__prg_map_int=\count142
)
(/usr/share/texlive/texmf-dist/tex/latex/l3kernel/l3clist.sty
Package: l3clist 2013/07/28 v4581 L3 Comma separated lists
)
(/usr/share/texlive/texmf-dist/tex/latex/l3kernel/l3token.sty
Package: l3token 2013/08/25 v4587 L3 Experimental token manipulation
)
(/usr/share/texlive/texmf-dist/tex/latex/l3kernel/l3prop.sty
Package: l3prop 2013/12/14 v4623 L3 Property lists
)
(/usr/share/texlive/texmf-dist/tex/latex/l3kernel/l3msg.sty
Package: l3msg 2013/07/28 v4581 L3 Messages
)
(/usr/share/texlive/texmf-dist/tex/latex/l3kernel/l3file.sty
Package: l3file 2013/10/13 v4596 L3 File and I/O operations
\l_iow_line_count_int=\count143
\l__iow_target_count_int=\count144
\l__iow_current_line_int=\count145
\l__iow_current_word_int=\count146
\l__iow_current_indentation_int=\count147
)
(/usr/share/texlive/texmf-dist/tex/latex/l3kernel/l3skip.sty
Package: l3skip 2013/07/28 v4581 L3 Dimensions and skips
\c_zero_dim=\dimen174
\c_max_dim=\dimen175
\l_tmpa_dim=\dimen176
\l_tmpb_dim=\dimen177
\g_tmpa_dim=\dimen178
\g_tmpb_dim=\dimen179
\c_zero_skip=\skip51
\c_max_skip=\skip52
\l_tmpa_skip=\skip53
\l_tmpb_skip=\skip54
\g_tmpa_skip=\skip55
\g_tmpb_skip=\skip56
\c_zero_muskip=\muskip12
\c_max_muskip=\muskip13
\l_tmpa_muskip=\muskip14
\l_tmpb_muskip=\muskip15
\g_tmpa_muskip=\muskip16
\g_tmpb_muskip=\muskip17
)
(/usr/share/texlive/texmf-dist/tex/latex/l3kernel/l3keys.sty
Package: l3keys 2013/12/08 v4614 L3 Experimental key-value interfaces
\g__keyval_level_int=\count148
\l_keys_choice_int=\count149
)
(/usr/share/texlive/texmf-dist/tex/latex/l3kernel/l3fp.sty
Package: l3fp 2014/01/04 v4642 L3 Floating points
\c__fp_leading_shift_int=\count150
\c__fp_middle_shift_int=\count151
\c__fp_trailing_shift_int=\count152
\c__fp_big_leading_shift_int=\count153
\c__fp_big_middle_shift_int=\count154
\c__fp_big_trailing_shift_int=\count155
\c__fp_Bigg_leading_shift_int=\count156
\c__fp_Bigg_middle_shift_int=\count157
\c__fp_Bigg_trailing_shift_int=\count158
)
(/usr/share/texlive/texmf-dist/tex/latex/l3kernel/l3box.sty
Package: l3box 2013/07/28 v4581 L3 Experimental boxes
\c_empty_box=\box39
\l_tmpa_box=\box40
\l_tmpb_box=\box41
\g_tmpa_box=\box42
\g_tmpb_box=\box43
)
(/usr/share/texlive/texmf-dist/tex/latex/l3kernel/l3coffins.sty
Package: l3coffins 2013/12/14 v4624 L3 Coffin code layer
\l__coffin_internal_box=\box44
\l__coffin_internal_dim=\dimen180
\l__coffin_offset_x_dim=\dimen181
\l__coffin_offset_y_dim=\dimen182
\l__coffin_x_dim=\dimen183
\l__coffin_y_dim=\dimen184
\l__coffin_x_prime_dim=\dimen185
\l__coffin_y_prime_dim=\dimen186
\c_empty_coffin=\box45
\l__coffin_aligned_coffin=\box46
\l__coffin_aligned_internal_coffin=\box47
\l_tmpa_coffin=\box48
\l_tmpb_coffin=\box49
\l__coffin_display_coffin=\box50
\l__coffin_display_coord_coffin=\box51
\l__coffin_display_pole_coffin=\box52
\l__coffin_display_offset_dim=\dimen187
\l__coffin_display_x_dim=\dimen188
\l__coffin_display_y_dim=\dimen189
)
(/usr/share/texlive/texmf-dist/tex/latex/l3kernel/l3color.sty
Package: l3color 2012/08/29 v4156 L3 Experimental color support
)
(/usr/share/texlive/texmf-dist/tex/latex/l3kernel/l3luatex.sty
Package: l3luatex 2013/07/28 v4581 L3 Experimental LuaTeX-specific functions
\g__cctab_allocate_int=\count159
\g__cctab_stack_int=\count160
)
(/usr/share/texlive/texmf-dist/tex/latex/l3kernel/l3candidates.sty
Package: l3candidates 2014/01/06 v4643 L3 Experimental additions to l3kernel
\l__box_top_dim=\dimen190
\l__box_bottom_dim=\dimen191
\l__box_left_dim=\dimen192
\l__box_right_dim=\dimen193
\l__box_top_new_dim=\dimen194
\l__box_bottom_new_dim=\dimen195
\l__box_left_new_dim=\dimen196
\l__box_right_new_dim=\dimen197
\l__box_internal_box=\box53
\l__coffin_bounding_shift_dim=\dimen198
\l__coffin_left_corner_dim=\dimen199
\l__coffin_right_corner_dim=\dimen200
\l__coffin_bottom_corner_dim=\dimen201
Normal \dimen register pool exhausted, switching to extended pool.
\l__coffin_top_corner_dim=\dimen256
\l__coffin_scaled_total_height_dim=\dimen257
\l__coffin_scaled_width_dim=\dimen258
))
Package: xparse 2013/12/31 v4634 L3 Experimental document command parser
\l__xparse_current_arg_int=\count161
\l__xparse_m_args_int=\count162
\l__xparse_mandatory_args_int=\count163
\l__xparse_processor_int=\count164
\l__xparse_v_nesting_int=\count165
)
(/usr/share/texlive/texmf-dist/tex/latex/oberdiek/zref-abspage.sty
Package: zref-abspage 2012/04/04 v2.24 Module abspage for zref (HO)

(/usr/share/texlive/texmf-dist/tex/latex/oberdiek/zref-base.sty
Package: zref-base 2012/04/04 v2.24 Module base for zref (HO)
Package zref Info: New property list: main on input line 759.
Package zref Info: New property: default on input line 760.
Package zref Info: New property: page on input line 761.
)
\c@abspage=\count166
Package zref Info: New property: abspage on input line 62.
)
(/usr/share/texlive/texmf-dist/tex/latex/needspace/needspace.sty
Package: needspace 2010/09/12 v1.3d reserve vertical space
)
\mdf@templength=\skip57
\c@mdf@globalstyle@cnt=\count167
\mdf@skipabove@length=\skip58
\mdf@skipbelow@length=\skip59
\mdf@leftmargin@length=\skip60
\mdf@rightmargin@length=\skip61
\mdf@innerleftmargin@length=\skip62
\mdf@innerrightmargin@length=\skip63
\mdf@innertopmargin@length=\skip64
\mdf@innerbottommargin@length=\skip65
\mdf@splittopskip@length=\skip66
\mdf@splitbottomskip@length=\skip67
\mdf@outermargin@length=\skip68
\mdf@innermargin@length=\skip69
\mdf@linewidth@length=\skip70
\mdf@innerlinewidth@length=\skip71
\mdf@middlelinewidth@length=\skip72
\mdf@outerlinewidth@length=\skip73
\mdf@roundcorner@length=\skip74
\mdf@footenotedistance@length=\skip75
\mdf@userdefinedwidth@length=\skip76
\mdf@needspace@length=\skip77
\mdf@frametitleaboveskip@length=\skip78
\mdf@frametitlebelowskip@length=\skip79
\mdf@frametitlerulewidth@length=\skip80
\mdf@frametitleleftmargin@length=\skip81
\mdf@frametitlerightmargin@length=\skip82
\mdf@shadowsize@length=\skip83
\mdf@extratopheight@length=\skip84
\mdf@subtitleabovelinewidth@length=\skip85
\mdf@subtitlebelowlinewidth@length=\skip86
\mdf@subtitleaboveskip@length=\skip87
\mdf@subtitlebelowskip@length=\skip88
\mdf@subtitleinneraboveskip@length=\skip89
\mdf@subtitleinnerbelowskip@length=\skip90
\mdf@subsubtitleabovelinewidth@length=\skip91
\mdf@subsubtitlebelowlinewidth@length=\skip92
\mdf@subsubtitleaboveskip@length=\skip93
\mdf@subsubtitlebelowskip@length=\skip94
\mdf@subsubtitleinneraboveskip@length=\skip95
\mdf@subsubtitleinnerbelowskip@length=\skip96

(/usr/share/texlive/texmf-dist/tex/latex/mdframed/md-frame-1.mdf
File: md-frame-1.mdf 2013/07/01\ 1.9b: md-frame-1
)
\mdf@frametitlebox=\box54
\mdf@footnotebox=\box55
\mdf@splitbox@one=\box56
\mdf@splitbox@two=\box57
\mdf@splitbox@save=\box58
\mdfsplitboxwidth=\skip97
\mdfsplitboxtotalwidth=\skip98
\mdfsplitboxheight=\skip99
\mdfsplitboxdepth=\skip100
\mdfsplitboxtotalheight=\skip101
\mdfframetitleboxwidth=\skip102
\mdfframetitleboxtotalwidth=\skip103
\mdfframetitleboxheight=\skip104
\mdfframetitleboxdepth=\skip105
\mdfframetitleboxtotalheight=\skip106
\mdffootnoteboxwidth=\skip107
\mdffootnoteboxtotalwidth=\skip108
\mdffootnoteboxheight=\skip109
\mdffootnoteboxdepth=\skip110
\mdffootnoteboxtotalheight=\skip111
\mdftotallinewidth=\skip112
\mdfboundingboxwidth=\skip113
\mdfboundingboxtotalwidth=\skip114
\mdfboundingboxheight=\skip115
\mdfboundingboxdepth=\skip116
\mdfboundingboxtotalheight=\skip117
\mdf@freevspace@length=\skip118
\mdf@horizontalwidthofbox@length=\skip119
\mdf@verticalmarginwhole@length=\skip120
\mdf@horizontalspaceofbox=\skip121
\mdfsubtitleheight=\skip122
\mdfsubsubtitleheight=\skip123
\c@mdfcountframes=\count168

****** mdframed patching \endmdf@trivlist

****** -- success******

.................................................
. LaTeX info: "xparse/define-command"
. 
. Defining document command \newmdtheoremenv with arg. spec. 'O{} m o m o ' on
. line 601.
.................................................
.................................................
. LaTeX info: "xparse/define-command"
. 
. Defining document command \mdtheorem with arg. spec. ' O{} m o m o ' on line
. 701.
.................................................
\mdf@envdepth=\count169
\c@mdf@env@i=\count170
\c@mdf@env@ii=\count171
\c@mdf@zref@counter=\count172
Package zref Info: New property: mdf@pagevalue on input line 895.
)
(/usr/share/texlive/texmf-dist/tex/latex/diagbox/diagbox.sty
Package: diagbox 2011/11/23 v2.0 Making table heads with diagonal lines

(/usr/share/texlive/texmf-dist/tex/latex/pict2e/pict2e.sty
Package: pict2e 2014/01/12 v0.2z Improved picture commands (HjG,RN,JT)

(/etc/texmf/tex/latex/pict2e/pict2e.cfg
File: pict2e.cfg 2009/08/05 v0.1s pict2e configuration for teTeX/TeXLive
)
Package pict2e Info: Driver file: pdftex.def on input line 119.
Package pict2e Info: Driver file for pict2e: p2e-pdftex.def on input line 121.

(/usr/share/texlive/texmf-dist/tex/latex/pict2e/p2e-pdftex.def
File: p2e-pdftex.def 2011/04/05 v0.1t Driver-dependant file (RN,HjG,JT)
)
\pIIe@GRAPH=\toks42
\@arclen=\dimen259
\@arcrad=\dimen260
\@tempdimd=\dimen261
)
(/usr/share/texlive/texmf-dist/tex/latex/fp/fp.sty
Package: fp 1995/04/02

`Fixed Point Package', Version 0.8, April 2, 1995 (C) Michael Mehlich
(/usr/share/texlive/texmf-dist/tex/latex/fp/defpattern.sty
Package: defpattern 1994/10/12
\actioncount=\count173
)
(/usr/share/texlive/texmf-dist/tex/latex/fp/fp-basic.sty
Package: fp-basic 1996/05/13
\FP@xs=\count174
\FP@xia=\count175
\FP@xib=\count176
\FP@xfa=\count177
\FP@xfb=\count178
\FP@rega=\count179
\FP@regb=\count180
\FP@regs=\count181
\FP@times=\count182
)
(/usr/share/texlive/texmf-dist/tex/latex/fp/fp-addons.sty
Package: fp-addons 1995/03/15
)
(/usr/share/texlive/texmf-dist/tex/latex/fp/fp-snap.sty
Package: fp-snap 1995/04/05
)
(/usr/share/texlive/texmf-dist/tex/latex/fp/fp-exp.sty
Package: fp-exp 1995/04/03
)
(/usr/share/texlive/texmf-dist/tex/latex/fp/fp-trigo.sty
Package: fp-trigo 1995/04/14
)
(/usr/share/texlive/texmf-dist/tex/latex/fp/fp-pas.sty
Package: fp-pas 1994/08/29
)
(/usr/share/texlive/texmf-dist/tex/latex/fp/fp-random.sty
Package: fp-random 1995/02/23
\FPseed=\count183
)
(/usr/share/texlive/texmf-dist/tex/latex/fp/fp-eqn.sty
Package: fp-eqn 1995/04/03
)
(/usr/share/texlive/texmf-dist/tex/latex/fp/fp-upn.sty
Package: fp-upn 1996/10/21
)
(/usr/share/texlive/texmf-dist/tex/latex/fp/fp-eval.sty
Package: fp-eval 1995/04/03
))
\diagbox@boxa=\box59
\diagbox@boxb=\box60
\diagbox@boxm=\box61
\diagbox@wd=\dimen262
\diagbox@ht=\dimen263
\diagbox@sepl=\dimen264
\diagbox@sepr=\dimen265
)
(/usr/share/texlive/texmf-dist/tex/latex/psnfss/pifont.sty
Package: pifont 2005/04/12 PSNFSS-v9.2a Pi font support (SPQR) 
LaTeX Font Info:    Try loading font information for U+pzd on input line 63.

(/usr/share/texlive/texmf-dist/tex/latex/psnfss/upzd.fd
File: upzd.fd 2001/06/04 font definitions for U/pzd.
)
LaTeX Font Info:    Try loading font information for U+psy on input line 64.

(/usr/share/texlive/texmf-dist/tex/latex/psnfss/upsy.fd
File: upsy.fd 2001/06/04 font definitions for U/psy.
))
(/usr/share/texlive/texmf-dist/tex/latex/colortbl/colortbl.sty
Package: colortbl 2012/02/13 v1.0a Color table columns (DPC)

(/usr/share/texlive/texmf-dist/tex/latex/tools/array.sty
Package: array 2008/09/09 v2.4c Tabular extension package (FMi)
\col@sep=\dimen266
\extrarowheight=\dimen267
\NC@list=\toks43
\extratabsurround=\skip124
\backup@length=\skip125
)
\everycr=\toks44
\minrowclearance=\skip126
)
(/usr/share/texlive/texmf-dist/tex/latex/minted/minted.sty
Package: minted 2011/09/17 v1.7 Yet another Pygments shim for LaTeX

(/usr/share/texlive/texmf-dist/tex/latex/fancyvrb/fancyvrb.sty
Package: fancyvrb 2008/02/07

Style option: `fancyvrb' v2.7a, with DG/SPQR fixes, and firstline=lastline fix 
<2008/02/07> (tvz)
\FV@CodeLineNo=\count184
\FV@InFile=\read2
\FV@TabBox=\box62
\c@FancyVerbLine=\count185
\FV@StepNumber=\count186
\FV@OutFile=\write4
) (/usr/share/texlive/texmf-dist/tex/latex/base/ifthen.sty
Package: ifthen 2001/05/26 v1.1c Standard LaTeX ifthen package (DPC)
)
(/usr/share/texlive/texmf-dist/tex/latex/tools/calc.sty
Package: calc 2007/08/22 v4.3 Infix arithmetic (KKT,FJ)
\calc@Acount=\count187
\calc@Bcount=\count188
\calc@Adimen=\dimen268
\calc@Bdimen=\dimen269
\calc@Askip=\skip127
\calc@Bskip=\skip128
LaTeX Info: Redefining \setlength on input line 76.
LaTeX Info: Redefining \addtolength on input line 77.
\calc@Ccount=\count189
\calc@Cskip=\skip129
)
(/usr/share/texlive/texmf-dist/tex/latex/ifplatform/ifplatform.sty
Package: ifplatform 2010/10/22 v0.4 Testing for the operating system

(/usr/share/texlive/texmf-dist/tex/generic/oberdiek/catchfile.sty
Package: catchfile 2011/03/01 v1.6 Catch the contents of a file (HO)
)
runsystem(uname -s > "Bakatoo_Vootele_Rotov.w18")...executed.


(./Bakatoo_Vootele_Rotov.w18)
runsystem(rm -- "Bakatoo_Vootele_Rotov.w18")...executed.

)
\minted@bgbox=\box63
\minted@code=\write5
\@float@every@listing=\toks45
\c@listing=\count190
)
runsystem(which pygmentize && touch Bakatoo_Vootele_Rotov.aex)...executed.

runsystem(rm Bakatoo_Vootele_Rotov.aex)...executed.


(/usr/share/texlive/texmf-dist/tex/latex/caption/caption.sty
Package: caption 2013/05/02 v3.3-89 Customizing captions (AR)

(/usr/share/texlive/texmf-dist/tex/latex/caption/caption3.sty
Package: caption3 2013/05/02 v1.6-88 caption3 kernel (AR)
Package caption3 Info: TeX engine: e-TeX on input line 57.
\captionmargin=\dimen270
\captionmargin@=\dimen271
\captionwidth=\dimen272
\caption@tempdima=\dimen273
\caption@indent=\dimen274
\caption@parindent=\dimen275
\caption@hangindent=\dimen276
)
\c@ContinuedFloat=\count191
Package caption Info: float package is loaded.
Package caption Info: hyperref package is loaded.
)
(/usr/share/texlive/texmf-dist/tex/latex/parskip/parskip.sty
Package: parskip 2001/04/09 non-zero parskip adjustments
)
(/usr/share/texlive/texmf-dist/tex/latex/tools/verbatim.sty
Package: verbatim 2003/08/22 v1.5q LaTeX2e package for verbatim enhancements
\every@verbatim=\toks46
\verbatim@line=\toks47
\verbatim@in@stream=\read3
)
(/usr/share/texlive/texmf-dist/tex/latex/tocbibind/tocbibind.sty
Package: tocbibind 2010/10/13 v1.5k extra ToC listings
Package tocbibind Info: The document has section divisions on input line 50.


Package tocbibind Note: Using section or other style headings.

) (/usr/share/texlive/texmf-dist/tex/latex/appendix/appendix.sty
Package: appendix 2009/09/02 v1.2b extra appendix facilities
\c@@pps=\count192
\c@@ppsavesec=\count193
\c@@ppsaveapp=\count194
)
(/usr/share/texlive/texmf-dist/tex/latex/caption/newfloat.sty
Package: newfloat 2013/05/11 v1.1-91 Defining new floating environments (AR)
)
Package newfloat Info: New float `mytype' with options `' on input line 35.
\c@mytype=\count195
Package newfloat Info: float type `mytype'=8 on input line 35.
\@float@every@Programm=\toks48
\c@Programm=\count196
\thisOne=\box64
\boxTwo=\box65

(./Bakatoo_Vootele_Rotov.aux

LaTeX Warning: Label `likert_question' multiply defined.

)
\openout1 = `Bakatoo_Vootele_Rotov.aux'.

LaTeX Font Info:    Checking defaults for OML/cmm/m/it on input line 125.
LaTeX Font Info:    ... okay on input line 125.
LaTeX Font Info:    Checking defaults for T1/cmr/m/n on input line 125.
LaTeX Font Info:    ... okay on input line 125.
LaTeX Font Info:    Checking defaults for OT1/cmr/m/n on input line 125.
LaTeX Font Info:    ... okay on input line 125.
LaTeX Font Info:    Checking defaults for OMS/cmsy/m/n on input line 125.
LaTeX Font Info:    ... okay on input line 125.
LaTeX Font Info:    Checking defaults for OMX/cmex/m/n on input line 125.
LaTeX Font Info:    ... okay on input line 125.
LaTeX Font Info:    Checking defaults for U/cmr/m/n on input line 125.
LaTeX Font Info:    ... okay on input line 125.
LaTeX Font Info:    Checking defaults for PD1/pdf/m/n on input line 125.
LaTeX Font Info:    ... okay on input line 125.

*geometry* driver: auto-detecting
*geometry* detected driver: pdftex
*geometry* verbose mode - [ preamble ] result:
* driver: pdftex
* paper: a4paper
* layout: <same size as paper>
* layoutoffset:(h,v)=(0.0pt,0.0pt)
* modes: 
* h-part:(L,W,R)=(89.62709pt, 418.25368pt, 89.6271pt)
* v-part:(T,H,B)=(101.40665pt, 591.5302pt, 152.11pt)
* \paperwidth=597.50787pt
* \paperheight=845.04684pt
* \textwidth=418.25368pt
* \textheight=591.5302pt
* \oddsidemargin=17.3571pt
* \evensidemargin=17.3571pt
* \topmargin=-7.86334pt
* \headheight=12.0pt
* \headsep=25.0pt
* \topskip=12.0pt
* \footskip=30.0pt
* \marginparwidth=35.0pt
* \marginparsep=10.0pt
* \columnsep=10.0pt
* \skip\footins=10.8pt plus 4.0pt minus 2.0pt
* \hoffset=0.0pt
* \voffset=0.0pt
* \mag=1000
* \@twocolumnfalse
* \@twosidefalse
* \@mparswitchfalse
* \@reversemarginfalse
* (1in=72.27pt=25.4mm, 1cm=28.453pt)

(/usr/share/texlive/texmf-dist/tex/context/base/supp-pdf.mkii
[Loading MPS to PDF converter (version 2006.09.02).]
\scratchcounter=\count197
\scratchdimen=\dimen277
\scratchbox=\box66
\nofMPsegments=\count198
\nofMParguments=\count199
\everyMPshowfont=\toks49
\MPscratchCnt=\count200
\MPscratchDim=\dimen278
\MPnumerator=\count201
Normal \count register pool exhausted, switching to extended pool.
\makeMPintoPDFobject=\count277
\everyMPtoPDFconversion=\toks50
)
\AtBeginShipoutBox=\box67
Package hyperref Info: Link coloring OFF on input line 125.
 (/usr/share/texlive/texmf-dist/tex/latex/hyperref/nameref.sty
Package: nameref 2012/10/27 v2.43 Cross-referencing by name of section

(/usr/share/texlive/texmf-dist/tex/generic/oberdiek/gettitlestring.sty
Package: gettitlestring 2010/12/03 v1.4 Cleanup title references (HO)
)
\c@section@level=\count278
)
LaTeX Info: Redefining \ref on input line 125.
LaTeX Info: Redefining \pageref on input line 125.
LaTeX Info: Redefining \nameref on input line 125.

(./Bakatoo_Vootele_Rotov.out) (./Bakatoo_Vootele_Rotov.out)
\@outlinefile=\write6
\openout6 = `Bakatoo_Vootele_Rotov.out'.


ABD: EveryShipout initializing macros
runsystem(pygmentize -S default -f latex > Bakatoo_Vootele_Rotov.pyg)...execute
d.

 (./Bakatoo_Vootele_Rotov.pyg)
Package caption Info: Begin \AtBeginDocument code.
Package caption Info: End \AtBeginDocument code.
 [1

{/var/lib/texmf/fonts/map/pdftex/updmap/pdftex.map}]
Overfull \hbox (32.48053pt too wide) in paragraph at lines 169--170
[]\OT1/cmr/m/n/12 K[]aesolevas ba-ka-lau-reuset[]o[]os vaa-del-dak-se eri-ne-va
id v[]oimalusi va-lik-vas-tus-te-ga k[]usimustike
 []


Overfull \hbox (9.83354pt too wide) in paragraph at lines 171--172
[]\OT1/cmr/m/n/12 T[]o[]o k[]aigus an-tak-se lu-ge-ja-le vaja-mi-ne-vad taust-t
ead-mised va-lik-vas-tus-te-ga k[]usimustike
 []


Overfull \hbox (17.87236pt too wide) in paragraph at lines 176--177
[]\OT1/cmr/m/sc/12 v[]otmes[]onad: \OT1/cmr/m/n/12 ps[]uhhomeetria, klas-si-ka-
li-ne tes-ti-teoo-ria, va-lik-vas-tus-te-ga k[]usimustikud,
 []

pdfTeX warning (ext4): destination with the same identifier (name{page.1}) has 
been already used, duplicate ignored
<to be read again> 
                   \relax 
l.179 
       [1] [2] (./Bakatoo_Vootele_Rotov.toc
LaTeX Font Info:    Try loading font information for U+msa on input line 5.

(/usr/share/texlive/texmf-dist/tex/latex/amsfonts/umsa.fd
File: umsa.fd 2013/01/14 v3.01 AMS symbols A
)
LaTeX Font Info:    Try loading font information for U+msb on input line 5.

(/usr/share/texlive/texmf-dist/tex/latex/amsfonts/umsb.fd
File: umsb.fd 2013/01/14 v3.01 AMS symbols B
) [3])
\tf@toc=\write7
\openout7 = `Bakatoo_Vootele_Rotov.toc'.

 [4]
Overfull \hbox (10.94766pt too wide) in paragraph at lines 217--218
[]\OT1/cmr/m/n/12 Lisaks loo-dab au-tor, et loo-dud prog-ram-mi-teek pak-kub hu
-vi ka ps[]uhholoogidele. 
 []

[5]
Overfull \hbox (9.47244pt too wide) in paragraph at lines 230--231
\OT1/cmr/m/n/12 J[]argnevalt an-na-me prob-lee-mi m[]otestamiseks va-ja-li-kud 
taus-ta-tead-mised ning peat[]uki
 []


Overfull \hbox (36.19167pt too wide) in paragraph at lines 234--235
\OT1/cmr/m/n/12 see t[]ahendab, et po-si-tiiv-se-te ja ne-ga-tiiv-se-te vas-tu-
se-va-rian-ti-de arv on sa-ma. N[]aiteks:[][][] 
 []


Overfull \hbox (6.0pt too wide) in paragraph at lines 262--263
[][][][][][][] 
 []


Overfull \hbox (6.0pt too wide) in paragraph at lines 310--311
[][][][][][][] 
 []

[6]
Overfull \hbox (4.74193pt too wide) in paragraph at lines 369--370
[][] 
 []


Overfull \hbox (6.0pt too wide) in paragraph at lines 370--371
[][][][][][][]
 []


Underfull \hbox (badness 10000) in paragraph at lines 370--371

 []

[7]
Overfull \hbox (9.93677pt too wide) in paragraph at lines 379--380
\OT1/cmr/m/n/12 K[]usimustiku \OT1/cmr/bx/n/12 re-liaab-lus \OT1/cmr/m/n/12 on 
k[]usimustiku ka-rak-te-ris-tik, mis kir-jel-dab, kui j[]arjepidevad
 []


Overfull \hbox (18.51123pt too wide) in paragraph at lines 383--384
[]\OT1/cmr/m/n/12 Ka k[]usimustiku re-liaab-lu-se m[]otestamisel saa-me ka-su-t
a-da ana-loo-giat t[]apsuslaskmisega.
 []


Overfull \hbox (4.74193pt too wide) in paragraph at lines 425--426
[][] 
 []


Overfull \hbox (6.0pt too wide) in paragraph at lines 426--427
[][][][][][][]
 []


Underfull \hbox (badness 10000) in paragraph at lines 426--427

 []

[8]
Overfull \hbox (6.0pt too wide) in paragraph at lines 460--461
[][][][][][][] 
 []


Overfull \hbox (81.11613pt too wide) in paragraph at lines 491--492
[][] 
 []


Overfull \hbox (6.0pt too wide) in paragraph at lines 492--493
[][][][][][][]
 []


Underfull \hbox (badness 10000) in paragraph at lines 492--493

 []

[9]
Overfull \hbox (6.0pt too wide) in paragraph at lines 565--566
[][][][][][][] 
 []

[10] [11]
Underfull \hbox (badness 10000) in paragraph at lines 682--683
[]\OT1/cmr/m/sc/8 meeldetuletuseks
 []


LaTeX Warning: Citation `Parna2013' on page 12 undefined on input line 684.


Underfull \hbox (badness 10000) in paragraph at lines 684--685
[]\OT1/cmr/bx/n/12 Definitsioon. []\OT1/cmr/m/it/12 Ele-men-taars[]undmuseks \O
T1/cmr/m/n/12 ni-me-ta-tak-se ju-hus-li-ku kat-se
 []

Package mdframed Info: mdframed detected package amsthm 
 changed the theorem header of amsthm
(mdframed)              on input line 700.

Overfull \hbox (1.88602pt too wide) in paragraph at lines 700--700
[][] 
 []


Overfull \hbox (6.0pt too wide) in paragraph at lines 717--718
[][][][][][][]
 []


Underfull \hbox (badness 10000) in paragraph at lines 717--718

 []

[12]
Underfull \hbox (badness 10000) in paragraph at lines 731--732
[]\OT1/cmr/m/sc/8 meeldetuletuseks
 []

Package mdframed Info: mdframed detected package amsthm 
 changed the theorem header of amsthm
(mdframed)              on input line 744.

Overfull \hbox (1.88602pt too wide) in paragraph at lines 744--744
[][] 
 []

[13]
Overfull \hbox (6.52646pt too wide) in paragraph at lines 752--753
[]\OT1/cmr/m/n/12 Kuna ju-hus-li-ku suu-ru-se $\OML/cmm/m/it/12 X[]$ \OT1/cmr/m
/n/12 v[]oimalike v[]a[]artuste arv on l[]oplik, on ka te-ma keskv[]a[]artus
 []


Underfull \hbox (badness 10000) in paragraph at lines 758--759
[]\OT1/cmr/m/sc/8 meeldetuletuseks
 []

Package mdframed Info: mdframed detected package amsthm 
 changed the theorem header of amsthm
(mdframed)              on input line 777.

Overfull \hbox (1.88602pt too wide) in paragraph at lines 777--777
[][] 
 []

[14]
Underfull \hbox (badness 10000) in paragraph at lines 823--824
[]\OT1/cmr/m/sc/8 meeldetuletuseks
 []

Package mdframed Info: mdframed detected package amsthm 
 changed the theorem header of amsthm
(mdframed)              on input line 836.

Overfull \hbox (1.88602pt too wide) in paragraph at lines 836--836
[][] 
 []


Overfull \vbox (13.46864pt too high) detected at line 836
 []

Package mdframed Info: Box was splittet wrong
 starting loop to iterate the splitting point
(mdframed)              on input line 836.

Overfull \vbox (14.46864pt too high) detected at line 836
 []


Overfull \vbox (15.46864pt too high) detected at line 836
 []


Overfull \vbox (16.46864pt too high) detected at line 836
 []


Overfull \vbox (17.46864pt too high) detected at line 836
 []


Overfull \vbox (18.46864pt too high) detected at line 836
 []


Overfull \vbox (19.46864pt too high) detected at line 836
 []


Overfull \vbox (20.46864pt too high) detected at line 836
 []


Overfull \vbox (21.46864pt too high) detected at line 836
 []


Overfull \vbox (22.46864pt too high) detected at line 836
 []


Overfull \vbox (23.46864pt too high) detected at line 836
 []


Overfull \vbox (24.46864pt too high) detected at line 836
 []


Overfull \vbox (25.46864pt too high) detected at line 836
 []


Overfull \vbox (26.46864pt too high) detected at line 836
 []


Overfull \vbox (27.46864pt too high) detected at line 836
 []


Overfull \vbox (28.46864pt too high) detected at line 836
 []


Overfull \vbox (29.46864pt too high) detected at line 836
 []


Overfull \vbox (30.46864pt too high) detected at line 836
 []


Overfull \vbox (31.46864pt too high) detected at line 836
 []


Overfull \vbox (32.46864pt too high) detected at line 836
 []


Overfull \vbox (33.46864pt too high) detected at line 836
 []


Overfull \vbox (34.46864pt too high) detected at line 836
 []


Overfull \vbox (35.46864pt too high) detected at line 836
 []


Overfull \vbox (36.46864pt too high) detected at line 836
 []


Overfull \vbox (37.46864pt too high) detected at line 836
 []


Overfull \vbox (38.46864pt too high) detected at line 836
 []


Overfull \vbox (39.46864pt too high) detected at line 836
 []


Overfull \vbox (40.46864pt too high) detected at line 836
 []


Overfull \vbox (41.46864pt too high) detected at line 836
 []


Overfull \vbox (42.46864pt too high) detected at line 836
 []


Overfull \vbox (43.46864pt too high) detected at line 836
 []


Overfull \vbox (44.46864pt too high) detected at line 836
 []


Overfull \vbox (45.46864pt too high) detected at line 836
 []


Overfull \vbox (46.46864pt too high) detected at line 836
 []


Overfull \vbox (47.46864pt too high) detected at line 836
 []


Overfull \vbox (48.46864pt too high) detected at line 836
 []


Overfull \vbox (49.46864pt too high) detected at line 836
 []


Overfull \vbox (50.46864pt too high) detected at line 836
 []


Overfull \vbox (51.46864pt too high) detected at line 836
 []


Overfull \vbox (52.46864pt too high) detected at line 836
 []


Overfull \vbox (53.46864pt too high) detected at line 836
 []


Overfull \vbox (54.46864pt too high) detected at line 836
 []


Overfull \vbox (55.46864pt too high) detected at line 836
 []


Overfull \vbox (56.46864pt too high) detected at line 836
 []


Overfull \vbox (57.46864pt too high) detected at line 836
 []


Overfull \vbox (58.46864pt too high) detected at line 836
 []


Overfull \vbox (59.46864pt too high) detected at line 836
 []


Overfull \vbox (60.46864pt too high) detected at line 836
 []


Overfull \vbox (61.46864pt too high) detected at line 836
 []


Overfull \vbox (62.46864pt too high) detected at line 836
 []


Overfull \vbox (63.46864pt too high) detected at line 836
 []


Overfull \vbox (64.46864pt too high) detected at line 836
 []


Overfull \vbox (65.46864pt too high) detected at line 836
 []


Overfull \vbox (66.46864pt too high) detected at line 836
 []


Overfull \vbox (67.46864pt too high) detected at line 836
 []


Overfull \vbox (68.46864pt too high) detected at line 836
 []


Overfull \vbox (69.46864pt too high) detected at line 836
 []


Overfull \vbox (70.46864pt too high) detected at line 836
 []


Overfull \vbox (71.46864pt too high) detected at line 836
 []


Overfull \vbox (72.46864pt too high) detected at line 836
 []


Overfull \vbox (73.46864pt too high) detected at line 836
 []


Overfull \vbox (74.46864pt too high) detected at line 836
 []


Overfull \vbox (75.46864pt too high) detected at line 836
 []


Overfull \vbox (76.46864pt too high) detected at line 836
 []


Overfull \vbox (77.46864pt too high) detected at line 836
 []


Overfull \vbox (78.46864pt too high) detected at line 836
 []


Overfull \vbox (79.46864pt too high) detected at line 836
 []


Overfull \vbox (80.46864pt too high) detected at line 836
 []


Overfull \vbox (81.46864pt too high) detected at line 836
 []


Overfull \vbox (82.46864pt too high) detected at line 836
 []


Overfull \vbox (83.46864pt too high) detected at line 836
 []


Overfull \vbox (84.46864pt too high) detected at line 836
 []


Overfull \vbox (85.46864pt too high) detected at line 836
 []


Overfull \vbox (86.46864pt too high) detected at line 836
 []


Overfull \vbox (87.46864pt too high) detected at line 836
 []


Overfull \vbox (88.46864pt too high) detected at line 836
 []


Overfull \vbox (89.46864pt too high) detected at line 836
 []


Overfull \vbox (90.46864pt too high) detected at line 836
 []


Overfull \vbox (91.46864pt too high) detected at line 836
 []


Overfull \vbox (92.46864pt too high) detected at line 836
 []


Overfull \vbox (93.46864pt too high) detected at line 836
 []


Overfull \vbox (94.46864pt too high) detected at line 836
 []


Overfull \vbox (95.46864pt too high) detected at line 836
 []


Overfull \vbox (96.46864pt too high) detected at line 836
 []


Overfull \vbox (97.46864pt too high) detected at line 836
 []


Overfull \vbox (98.46864pt too high) detected at line 836
 []


Overfull \vbox (99.46864pt too high) detected at line 836
 []


Overfull \vbox (100.46864pt too high) detected at line 836
 []


Overfull \vbox (101.46864pt too high) detected at line 836
 []


Overfull \vbox (102.46864pt too high) detected at line 836
 []


Overfull \vbox (103.46864pt too high) detected at line 836
 []


Overfull \vbox (104.46864pt too high) detected at line 836
 []


Overfull \vbox (105.46864pt too high) detected at line 836
 []


Overfull \vbox (106.46864pt too high) detected at line 836
 []


Overfull \vbox (107.46864pt too high) detected at line 836
 []


Overfull \vbox (108.46864pt too high) detected at line 836
 []


Overfull \vbox (109.46864pt too high) detected at line 836
 []


Overfull \vbox (110.46864pt too high) detected at line 836
 []


Overfull \vbox (111.46864pt too high) detected at line 836
 []


Overfull \vbox (112.46864pt too high) detected at line 836
 []


Overfull \vbox (113.46864pt too high) detected at line 836
 []


Overfull \vbox (114.46864pt too high) detected at line 836
 []


Package mdframed Warning: correct box splittet fails
 It seems you are using a non splittable contents
(mdframed)                 on input line 836.

Package mdframed Info: You first box width is to small
 mdframed fixed it
(mdframed)              on input line 836.
[15]
Overfull \hbox (6.76552pt too wide) in paragraph at lines 853--854
\OT1/cmr/m/n/12 siis esi-m-ese m[]o[]otmisviga tea-des ei to-hiks see mei-le mi
-da-gi []oelda tei-se osa m[]o[]otmisvea
 []


Overfull \hbox (4.8072pt too wide) in paragraph at lines 853--854
\OT1/cmr/m/n/12 ni ta-ga-tav ning on po-tent-siaal-ne ohu-koht tes-ti-teoo-ria 
ka-su-ta-misel min-gi k[]usimustiku
 []


Underfull \hbox (badness 10000) in paragraph at lines 856--857
[]\OT1/cmr/m/sc/8 meeldetuletuseks
 []

Package mdframed Info: mdframed detected package amsthm 
 changed the theorem header of amsthm
(mdframed)              on input line 871.

Overfull \hbox (1.88602pt too wide) in paragraph at lines 871--871
[][] 
 []


Overfull \vbox (95.0037pt too high) detected at line 871
 []

Package mdframed Info: Box was splittet wrong
 starting loop to iterate the splitting point
(mdframed)              on input line 871.

Overfull \vbox (96.0037pt too high) detected at line 871
 []


Overfull \vbox (97.0037pt too high) detected at line 871
 []


Overfull \vbox (98.0037pt too high) detected at line 871
 []


Overfull \vbox (99.0037pt too high) detected at line 871
 []


Overfull \vbox (100.0037pt too high) detected at line 871
 []


Overfull \vbox (101.0037pt too high) detected at line 871
 []


Overfull \vbox (102.0037pt too high) detected at line 871
 []


Overfull \vbox (103.0037pt too high) detected at line 871
 []


Overfull \vbox (104.0037pt too high) detected at line 871
 []


Overfull \vbox (105.0037pt too high) detected at line 871
 []


Overfull \vbox (106.0037pt too high) detected at line 871
 []


Overfull \vbox (107.0037pt too high) detected at line 871
 []


Overfull \vbox (108.0037pt too high) detected at line 871
 []


Overfull \vbox (109.0037pt too high) detected at line 871
 []


Overfull \vbox (110.0037pt too high) detected at line 871
 []


Overfull \vbox (111.0037pt too high) detected at line 871
 []


Overfull \vbox (112.0037pt too high) detected at line 871
 []


Overfull \vbox (113.0037pt too high) detected at line 871
 []


Overfull \vbox (114.0037pt too high) detected at line 871
 []


Overfull \vbox (115.0037pt too high) detected at line 871
 []


Overfull \vbox (116.0037pt too high) detected at line 871
 []


Overfull \vbox (117.0037pt too high) detected at line 871
 []


Overfull \vbox (118.0037pt too high) detected at line 871
 []


Overfull \vbox (119.0037pt too high) detected at line 871
 []


Overfull \vbox (120.0037pt too high) detected at line 871
 []


Overfull \vbox (121.0037pt too high) detected at line 871
 []


Overfull \vbox (122.0037pt too high) detected at line 871
 []


Overfull \vbox (123.0037pt too high) detected at line 871
 []


Overfull \vbox (124.0037pt too high) detected at line 871
 []


Overfull \vbox (125.0037pt too high) detected at line 871
 []


Overfull \vbox (126.0037pt too high) detected at line 871
 []


Overfull \vbox (127.0037pt too high) detected at line 871
 []


Overfull \vbox (128.0037pt too high) detected at line 871
 []


Overfull \vbox (129.0037pt too high) detected at line 871
 []


Overfull \vbox (130.0037pt too high) detected at line 871
 []


Overfull \vbox (131.0037pt too high) detected at line 871
 []


Overfull \vbox (132.0037pt too high) detected at line 871
 []


Overfull \vbox (133.0037pt too high) detected at line 871
 []


Overfull \vbox (134.0037pt too high) detected at line 871
 []


Overfull \vbox (135.0037pt too high) detected at line 871
 []


Overfull \vbox (136.0037pt too high) detected at line 871
 []


Overfull \vbox (137.0037pt too high) detected at line 871
 []


Overfull \vbox (138.0037pt too high) detected at line 871
 []


Overfull \vbox (139.0037pt too high) detected at line 871
 []


Overfull \vbox (140.0037pt too high) detected at line 871
 []


Overfull \vbox (141.0037pt too high) detected at line 871
 []


Overfull \vbox (142.0037pt too high) detected at line 871
 []


Overfull \vbox (143.0037pt too high) detected at line 871
 []


Overfull \vbox (144.0037pt too high) detected at line 871
 []


Overfull \vbox (145.0037pt too high) detected at line 871
 []


Overfull \vbox (146.0037pt too high) detected at line 871
 []


Overfull \vbox (147.0037pt too high) detected at line 871
 []


Overfull \vbox (148.0037pt too high) detected at line 871
 []


Overfull \vbox (149.0037pt too high) detected at line 871
 []


Overfull \vbox (150.0037pt too high) detected at line 871
 []


Overfull \vbox (151.0037pt too high) detected at line 871
 []


Overfull \vbox (152.0037pt too high) detected at line 871
 []


Overfull \vbox (153.0037pt too high) detected at line 871
 []


Overfull \vbox (154.0037pt too high) detected at line 871
 []


Overfull \vbox (155.0037pt too high) detected at line 871
 []


Overfull \vbox (156.0037pt too high) detected at line 871
 []


Overfull \vbox (157.0037pt too high) detected at line 871
 []


Overfull \vbox (158.0037pt too high) detected at line 871
 []


Overfull \vbox (159.0037pt too high) detected at line 871
 []


Overfull \vbox (160.0037pt too high) detected at line 871
 []


Overfull \vbox (161.0037pt too high) detected at line 871
 []


Overfull \vbox (162.0037pt too high) detected at line 871
 []


Overfull \vbox (163.0037pt too high) detected at line 871
 []


Overfull \vbox (164.0037pt too high) detected at line 871
 []


Overfull \vbox (165.0037pt too high) detected at line 871
 []


Overfull \vbox (166.0037pt too high) detected at line 871
 []


Overfull \vbox (167.0037pt too high) detected at line 871
 []


Overfull \vbox (168.0037pt too high) detected at line 871
 []


Overfull \vbox (169.0037pt too high) detected at line 871
 []


Overfull \vbox (170.0037pt too high) detected at line 871
 []


Overfull \vbox (171.0037pt too high) detected at line 871
 []


Overfull \vbox (172.0037pt too high) detected at line 871
 []


Overfull \vbox (173.0037pt too high) detected at line 871
 []


Overfull \vbox (174.0037pt too high) detected at line 871
 []


Overfull \vbox (175.0037pt too high) detected at line 871
 []


Overfull \vbox (176.0037pt too high) detected at line 871
 []


Overfull \vbox (177.0037pt too high) detected at line 871
 []


Overfull \vbox (178.0037pt too high) detected at line 871
 []


Overfull \vbox (179.0037pt too high) detected at line 871
 []


Overfull \vbox (180.0037pt too high) detected at line 871
 []


Overfull \vbox (181.0037pt too high) detected at line 871
 []


Overfull \vbox (182.0037pt too high) detected at line 871
 []


Overfull \vbox (183.0037pt too high) detected at line 871
 []


Overfull \vbox (184.0037pt too high) detected at line 871
 []


Overfull \vbox (185.0037pt too high) detected at line 871
 []


Overfull \vbox (186.0037pt too high) detected at line 871
 []


Overfull \vbox (187.0037pt too high) detected at line 871
 []


Overfull \vbox (188.0037pt too high) detected at line 871
 []


Overfull \vbox (189.0037pt too high) detected at line 871
 []


Overfull \vbox (190.0037pt too high) detected at line 871
 []


Overfull \vbox (191.0037pt too high) detected at line 871
 []


Overfull \vbox (192.0037pt too high) detected at line 871
 []


Overfull \vbox (193.0037pt too high) detected at line 871
 []


Overfull \vbox (194.0037pt too high) detected at line 871
 []


Overfull \vbox (195.0037pt too high) detected at line 871
 []


Overfull \vbox (196.0037pt too high) detected at line 871
 []


Package mdframed Warning: correct box splittet fails
 It seems you are using a non splittable contents
(mdframed)                 on input line 871.

Package mdframed Info: You first box width is to small
 mdframed fixed it
(mdframed)              on input line 871.
[16]
Underfull \hbox (badness 10000) in paragraph at lines 900--901
[]\OT1/cmr/m/sc/8 meeldetuletuseks
 []

Package mdframed Info: mdframed detected package amsthm 
 changed the theorem header of amsthm
(mdframed)              on input line 920.

Overfull \hbox (1.88602pt too wide) in paragraph at lines 920--920
[][] 
 []


Overfull \vbox (167.6672pt too high) detected at line 920
 []

Package mdframed Info: Box was splittet wrong
 starting loop to iterate the splitting point
(mdframed)              on input line 920.

Overfull \vbox (168.6672pt too high) detected at line 920
 []


Overfull \vbox (169.6672pt too high) detected at line 920
 []


Overfull \vbox (170.6672pt too high) detected at line 920
 []


Overfull \vbox (171.6672pt too high) detected at line 920
 []


Overfull \vbox (172.6672pt too high) detected at line 920
 []


Overfull \vbox (173.6672pt too high) detected at line 920
 []


Overfull \vbox (174.6672pt too high) detected at line 920
 []


Overfull \vbox (175.6672pt too high) detected at line 920
 []


Overfull \vbox (176.6672pt too high) detected at line 920
 []


Overfull \vbox (177.6672pt too high) detected at line 920
 []


Overfull \vbox (178.6672pt too high) detected at line 920
 []


Overfull \vbox (179.6672pt too high) detected at line 920
 []


Overfull \vbox (180.6672pt too high) detected at line 920
 []


Overfull \vbox (181.6672pt too high) detected at line 920
 []


Overfull \vbox (182.6672pt too high) detected at line 920
 []


Overfull \vbox (183.6672pt too high) detected at line 920
 []


Overfull \vbox (184.6672pt too high) detected at line 920
 []


Overfull \vbox (185.6672pt too high) detected at line 920
 []


Overfull \vbox (186.6672pt too high) detected at line 920
 []


Overfull \vbox (187.6672pt too high) detected at line 920
 []


Overfull \vbox (188.6672pt too high) detected at line 920
 []


Overfull \vbox (189.6672pt too high) detected at line 920
 []


Overfull \vbox (190.6672pt too high) detected at line 920
 []


Overfull \vbox (191.6672pt too high) detected at line 920
 []


Overfull \vbox (192.6672pt too high) detected at line 920
 []


Overfull \vbox (193.6672pt too high) detected at line 920
 []


Overfull \vbox (194.6672pt too high) detected at line 920
 []


Overfull \vbox (195.6672pt too high) detected at line 920
 []


Overfull \vbox (196.6672pt too high) detected at line 920
 []


Overfull \vbox (197.6672pt too high) detected at line 920
 []


Overfull \vbox (198.6672pt too high) detected at line 920
 []


Overfull \vbox (199.6672pt too high) detected at line 920
 []


Overfull \vbox (200.6672pt too high) detected at line 920
 []


Overfull \vbox (201.6672pt too high) detected at line 920
 []


Overfull \vbox (202.6672pt too high) detected at line 920
 []


Overfull \vbox (203.6672pt too high) detected at line 920
 []


Overfull \vbox (204.6672pt too high) detected at line 920
 []


Overfull \vbox (205.6672pt too high) detected at line 920
 []


Overfull \vbox (206.6672pt too high) detected at line 920
 []


Overfull \vbox (207.6672pt too high) detected at line 920
 []


Overfull \vbox (208.6672pt too high) detected at line 920
 []


Overfull \vbox (209.6672pt too high) detected at line 920
 []


Overfull \vbox (210.6672pt too high) detected at line 920
 []


Overfull \vbox (211.6672pt too high) detected at line 920
 []


Overfull \vbox (212.6672pt too high) detected at line 920
 []


Overfull \vbox (213.6672pt too high) detected at line 920
 []


Overfull \vbox (214.6672pt too high) detected at line 920
 []


Overfull \vbox (215.6672pt too high) detected at line 920
 []


Overfull \vbox (216.6672pt too high) detected at line 920
 []


Overfull \vbox (217.6672pt too high) detected at line 920
 []


Overfull \vbox (218.6672pt too high) detected at line 920
 []


Overfull \vbox (219.6672pt too high) detected at line 920
 []


Overfull \vbox (220.6672pt too high) detected at line 920
 []


Overfull \vbox (221.6672pt too high) detected at line 920
 []


Overfull \vbox (222.6672pt too high) detected at line 920
 []


Overfull \vbox (223.6672pt too high) detected at line 920
 []


Overfull \vbox (224.6672pt too high) detected at line 920
 []


Overfull \vbox (225.6672pt too high) detected at line 920
 []


Overfull \vbox (226.6672pt too high) detected at line 920
 []


Overfull \vbox (227.6672pt too high) detected at line 920
 []


Overfull \vbox (228.6672pt too high) detected at line 920
 []


Overfull \vbox (229.6672pt too high) detected at line 920
 []


Overfull \vbox (230.6672pt too high) detected at line 920
 []


Overfull \vbox (231.6672pt too high) detected at line 920
 []


Overfull \vbox (232.6672pt too high) detected at line 920
 []


Overfull \vbox (233.6672pt too high) detected at line 920
 []


Overfull \vbox (234.6672pt too high) detected at line 920
 []


Overfull \vbox (235.6672pt too high) detected at line 920
 []


Overfull \vbox (236.6672pt too high) detected at line 920
 []


Overfull \vbox (237.6672pt too high) detected at line 920
 []


Overfull \vbox (238.6672pt too high) detected at line 920
 []


Overfull \vbox (239.6672pt too high) detected at line 920
 []


Overfull \vbox (240.6672pt too high) detected at line 920
 []


Overfull \vbox (241.6672pt too high) detected at line 920
 []


Overfull \vbox (242.6672pt too high) detected at line 920
 []


Overfull \vbox (243.6672pt too high) detected at line 920
 []


Overfull \vbox (244.6672pt too high) detected at line 920
 []


Overfull \vbox (245.6672pt too high) detected at line 920
 []


Overfull \vbox (246.6672pt too high) detected at line 920
 []


Overfull \vbox (247.6672pt too high) detected at line 920
 []


Overfull \vbox (248.6672pt too high) detected at line 920
 []


Overfull \vbox (249.6672pt too high) detected at line 920
 []


Overfull \vbox (250.6672pt too high) detected at line 920
 []


Overfull \vbox (251.6672pt too high) detected at line 920
 []


Overfull \vbox (252.6672pt too high) detected at line 920
 []


Overfull \vbox (253.6672pt too high) detected at line 920
 []


Overfull \vbox (254.6672pt too high) detected at line 920
 []


Overfull \vbox (255.6672pt too high) detected at line 920
 []


Overfull \vbox (256.6672pt too high) detected at line 920
 []


Overfull \vbox (257.6672pt too high) detected at line 920
 []


Overfull \vbox (258.6672pt too high) detected at line 920
 []


Overfull \vbox (259.6672pt too high) detected at line 920
 []


Overfull \vbox (260.6672pt too high) detected at line 920
 []


Overfull \vbox (261.6672pt too high) detected at line 920
 []


Overfull \vbox (262.6672pt too high) detected at line 920
 []


Overfull \vbox (263.6672pt too high) detected at line 920
 []


Overfull \vbox (264.6672pt too high) detected at line 920
 []


Overfull \vbox (265.6672pt too high) detected at line 920
 []


Overfull \vbox (266.6672pt too high) detected at line 920
 []


Overfull \vbox (267.6672pt too high) detected at line 920
 []


Overfull \vbox (268.6672pt too high) detected at line 920
 []


Package mdframed Warning: correct box splittet fails
 It seems you are using a non splittable contents
(mdframed)                 on input line 920.

Package mdframed Info: You first box width is to small
 mdframed fixed it
(mdframed)              on input line 920.
[17] [18]
Overfull \hbox (2.8678pt too wide) in paragraph at lines 953--955
[]\OT1/cmr/m/n/12 Eelneva p[]ohjal on sel-ge, et v[]aide []k[]usimustiku re-lia
ab-lus on suu-rem\ on sa-mav[]a[]arne
 []

[19]
Overfull \hbox (27.76454pt too wide) in paragraph at lines 1013--1014
\OT1/cmr/m/n/12 sioo-ni-maat-rik-si ele-men-ti-de sum-ma-ga, ehk kui $\OML/cmm/
m/it/12 X \OT1/cmr/m/n/12 = []$ ja $^^F[]$ on vek-to-ri $(\OML/cmm/m/it/12 X[];
 X[]; [] ; X[]\OT1/cmr/m/n/12 )$
 []

[20]
Underfull \hbox (badness 10000) in paragraph at lines 1051--1052
[]\OT1/cmr/m/sc/8 meeldetuletuseks
 []

Package mdframed Info: mdframed detected package amsthm 
 changed the theorem header of amsthm
(mdframed)              on input line 1054.

Overfull \hbox (1.88602pt too wide) in paragraph at lines 1054--1054
[][] 
 []


Underfull \hbox (badness 10000) in paragraph at lines 1059--1060
[]\OT1/cmr/m/sc/8 meeldetuletuseks
 []

Package mdframed Info: mdframed detected package amsthm 
 changed the theorem header of amsthm
(mdframed)              on input line 1074.

Overfull \hbox (1.88602pt too wide) in paragraph at lines 1074--1074
[][] 
 []

[21]
Package mdframed Info: Not enough space on this page on input line 1074.

Overfull \hbox (4.1967pt too wide) in paragraph at lines 1076--1077
\OT1/cmr/m/n/12 sel-le vek-to-ri kova-riat-sioo-ni-maat-riks. Ol-gu meil su-va-
li-ne $\OML/cmm/m/it/12 k$\OT1/cmr/m/n/12 -vektor $\OML/cmm/m/it/12 v \OT1/cmr/
m/n/12 = (\OML/cmm/m/it/12 v[]; v[]; [] ; v[]\OT1/cmr/m/n/12 )$.
 []

[22] [23]
Overfull \hbox (15.55498pt too wide) in paragraph at lines 1105--1106
[]\OT1/cmr/m/n/12 Olgu meil vas-ta-ja-te ko-gum $\OML/cmm/m/it/12 I$\OT1/cmr/m/
n/12 , []ule mil-le vaat-le-me $\OML/cmm/m/it/12 k$ \OT1/cmr/m/n/12 k[]usimuses
t koos-ne-vat k[]usimustikku,
 []


Overfull \hbox (32.20686pt too wide) in paragraph at lines 1105--1106
\OT1/cmr/m/n/12 mer-da-me k[]usimused ar-vu-de-ga $1$ kuni $\OML/cmm/m/it/12 k$
\OT1/cmr/m/n/12 . Vaat-le-me iga k[]usimust eral-di alamk[]usimustikuna,
 []


Package hyperref Warning: Token not allowed in a PDF string (PDFDocEncoding):
(hyperref)                removing `math shift' on input line 1107.


Package hyperref Warning: Token not allowed in a PDF string (PDFDocEncoding):
(hyperref)                removing `\lambda' on input line 1107.


Package hyperref Warning: Token not allowed in a PDF string (PDFDocEncoding):
(hyperref)                removing `subscript' on input line 1107.


Package hyperref Warning: Token not allowed in a PDF string (PDFDocEncoding):
(hyperref)                removing `math shift' on input line 1107.


Overfull \hbox (8.46404pt too wide) in paragraph at lines 1125--1126
\OT1/cmr/m/n/12 Seega ei ole maat-riks enam po-si-tiiv-selt m[]a[]aratud, mis o
n eel-mises peat[]ukis l[]abiviidud
 []

[24]

Package hyperref Warning: Token not allowed in a PDF string (PDFDocEncoding):
(hyperref)                removing `math shift' on input line 1135.


Package hyperref Warning: Token not allowed in a PDF string (PDFDocEncoding):
(hyperref)                removing `\lambda' on input line 1135.


Package hyperref Warning: Token not allowed in a PDF string (PDFDocEncoding):
(hyperref)                removing `subscript' on input line 1135.


Package hyperref Warning: Token not allowed in a PDF string (PDFDocEncoding):
(hyperref)                removing `math shift' on input line 1135.


Overfull \hbox (15.974pt too wide) in paragraph at lines 1137--1138
\OT1/cmr/m/n/12 Enne j[]argmise alu-mise t[]okke tu-le-ta-mist veen-du-me, et k
eh-tivad kaks abi-tu-le-must. 
 []

[25] [26]
Overfull \hbox (45.77086pt too wide) in paragraph at lines 1263--1263
[] 
 []

[27]
Overfull \hbox (19.2433pt too wide) detected at line 1277
\OML/cmm/m/it/10.95 ^^U[] \OT1/cmr/m/n/10.95 = 1 \OMS/cmsy/m/n/10.95 ^^@ [] ^^T
 \OT1/cmr/m/n/10.95 1 \OMS/cmsy/m/n/10.95 ^^@ [] \OT1/cmr/m/n/10.95 = 1 \OMS/cm
sy/m/n/10.95 ^^@ [] \OT1/cmr/m/n/10.95 = 1 \OMS/cmsy/m/n/10.95 ^^@ [][]
 []


Package hyperref Warning: Token not allowed in a PDF string (PDFDocEncoding):
(hyperref)                removing `math shift' on input line 1287.


Package hyperref Warning: Token not allowed in a PDF string (PDFDocEncoding):
(hyperref)                removing `\lambda' on input line 1287.


Package hyperref Warning: Token not allowed in a PDF string (PDFDocEncoding):
(hyperref)                removing `subscript' on input line 1287.


Package hyperref Warning: Token not allowed in a PDF string (PDFDocEncoding):
(hyperref)                removing `math shift' on input line 1287.

[28] [29]

Package hyperref Warning: Token not allowed in a PDF string (PDFDocEncoding):
(hyperref)                removing `math shift' on input line 1353.


Package hyperref Warning: Token not allowed in a PDF string (PDFDocEncoding):
(hyperref)                removing `\lambda' on input line 1353.


Package hyperref Warning: Token not allowed in a PDF string (PDFDocEncoding):
(hyperref)                removing `subscript' on input line 1353.


Package hyperref Warning: Token not allowed in a PDF string (PDFDocEncoding):
(hyperref)                removing `math shift' on input line 1353.

[30] [31]
Overfull \hbox (0.6163pt too wide) in paragraph at lines 1403--1404
[]\OT1/cmr/m/n/12 kus kir-ja-pilt $^^F[] \OMS/cmsy/m/n/12 ^^W \OT1/cmr/m/n/12 0
$ t[]ahistab tin-gi-must "$^^F[]$ on mitte-negatiivselt m[]a[]aratud". 
 []

[32]

LaTeX Warning: Citation `TenBerge2004' on page 33 undefined on input line 1421.



LaTeX Warning: Citation `Benton2013' on page 33 undefined on input line 1421.


Overfull \hbox (32.96387pt too wide) in paragraph at lines 1428--1429
\OT1/cmr/m/n/12 N[]aiteks Tar-tu []Ulikoolis []opetatakse prog-ra-mee-ri-mist k
ee-les Pyt-hon nii matemaatika-
 []

[33]
Overfull \hbox (13.19763pt too wide) in paragraph at lines 1450--1451
\OT1/cmr/m/n/12 vas-tus-te pai-gu-tust in-ter-vall-skaa-lal kui vai-ki-mi-si me
e-tod? Vaat-le-me kah-te n[]aidet: 
 []


Overfull \hbox (2.8449pt too wide) in paragraph at lines 1489--1489
[][] 
 []


Overfull \hbox (9.91663pt too wide) in paragraph at lines 1489--1490
[][][][][][][] 
 []


Overfull \hbox (2.8449pt too wide) in paragraph at lines 1530--1530
[][] 
 []


Overfull \hbox (9.91663pt too wide) in paragraph at lines 1530--1531
[][][][][][][] 
 []

[34]
Overfull \hbox (6.0pt too wide) in paragraph at lines 1574--1575
[][][][][][][]
 []


Underfull \hbox (badness 10000) in paragraph at lines 1574--1575

 []

[35]
Overfull \hbox (20.76086pt too wide) in paragraph at lines 1589--1590
\OT1/cmr/m/n/12 de-ga $1$ ku-na $\OML/cmm/m/it/12 k$ \OT1/cmr/m/n/12 Ol-gu meil
 ju-hus-li-kud suu-ru-sed $\OML/cmm/m/it/12 K[]; K[]; :::; K[]$\OT1/cmr/m/n/12 
, mil-le m[]a[]aramispiirkonnaks
 []


Overfull \hbox (12.4003pt too wide) in paragraph at lines 1589--1590
\OT1/cmr/m/n/12 mis-piir-kon-naks on hulk $\OMS/cmsy/m/n/12 f\OT1/cmr/m/n/12 1\
OML/cmm/m/it/12 ; \OT1/cmr/m/n/12 2\OML/cmm/m/it/12 ; [] ; l\OMS/cmsy/m/n/12 g$
 \OT1/cmr/m/n/12 ning t[]olgendame ju-hus-li-ku suu-rust kui k[]usimusele
 []


Overfull \hbox (8.99628pt too wide) in paragraph at lines 1589--1590
\OT1/cmr/m/n/12 t[]ahistused $\OML/cmm/m/it/12 p[]; i \OMS/cmsy/m/n/12 2 f\OT1/
cmr/m/n/12 1\OML/cmm/m/it/12 ; \OT1/cmr/m/n/12 2\OML/cmm/m/it/12 ; :::; n\OMS/c
msy/m/n/12 g\OML/cmm/m/it/12 ;  \OMS/cmsy/m/n/12 2 f\OT1/cmr/m/n/12 1\OML/cmm/
m/it/12 ; \OT1/cmr/m/n/12 2\OML/cmm/m/it/12 ; [] ; l\OMS/cmsy/m/n/12 g$\OT1/cmr
/m/n/12 , kus $\OML/cmm/m/it/12 p[]$ \OT1/cmr/m/n/12 t[]ahistab p[]ohjal t[]oen
[]aosusust,
 []

[36]
Overfull \hbox (93.88481pt too wide) in paragraph at lines 1597--1598
[]\OT1/cmr/m/n/12 V[]ottes ar-ves-se, et $[][] = \OML/cmm/m/it/12 cov\OT1/cmr/m
/n/12 (\OML/cmm/m/it/12 K[]; K[]\OT1/cmr/m/n/12 )$, ning de-fi-nit-sioo-ni j[]a
rgi $\OML/cmm/m/it/12 cov\OT1/cmr/m/n/12 (\OML/cmm/m/it/12 X; X\OT1/cmr/m/n/12 
) = \OML/cmm/m/it/12 ^^O []$\OT1/cmr/m/n/12 ,
 []


Overfull \hbox (13.51799pt too wide) in paragraph at lines 1605--1606
\OT1/cmr/m/n/12 ta-me ju-hus-li-kud suu-ru-sed $\OML/cmm/m/it/12 K[]; K[]; [] ;
 K[]$ \OT1/cmr/m/n/12 ju-hus-likeks suu-rus-teks $\OML/cmm/m/it/12 M[]; M[]; M[
]; [] ; M[]$\OT1/cmr/m/n/12 ,
 []


Overfull \hbox (32.17552pt too wide) in paragraph at lines 1605--1606
\OT1/cmr/m/n/12 kus-juu-res ju-hus-li-ku suu-ru-se $\OML/cmm/m/it/12 M[]$ \OT1/
cmr/m/n/12 m[]a[]aramispiirkond []uhtib suu-ru-se $\OML/cmm/m/it/12 K[]$ \OT1/c
mr/m/n/12 m[]a[]aramispiirkonnaga
 []

[37]
Overfull \hbox (16.15598pt too wide) in paragraph at lines 1629--1630
[]\OT1/cmr/m/n/12 Paneme t[]ahele, et sel-lis-te piiran-gu-te kor-ral esi-tub $
\OML/cmm/m/it/12 ^^U[]$ \OT1/cmr/m/n/12 liht-sa-mal ku-jul. T[]oepoolest, 
 []


Overfull \hbox (9.4855pt too wide) in paragraph at lines 1638--1639
[]\OT1/cmr/m/n/12 Siit n[]aeme, et sel-li-sel ju-hul taan-dub $\OML/cmm/m/it/12
 ^^U[]$ \OT1/cmr/m/n/12 mak-si-mee-ri-mi-ne aval-di-se $[] [] \OML/cmm/m/it/12 
COV\OT1/cmr/m/n/12 (\OML/cmm/m/it/12 M[]; M[]\OT1/cmr/m/n/12 )$
 []


Overfull \hbox (2.8449pt too wide) in paragraph at lines 1721--1721
[][] 
 []


Overfull \hbox (9.91663pt too wide) in paragraph at lines 1721--1722
[][][][][][][] 
 []

[38]
Overfull \hbox (10.53716pt too wide) detected at line 1791
[] []
 []


Overfull \hbox (24.7787pt too wide) in paragraph at lines 1795--1797
[]\OT1/cmr/m/n/12 Eelneva p[]ohjal pii-sab mei-le, ar-ves-ta-des eel-ne-valt []
aratoodud piiran-gu-id $\OML/cmm/m/it/12 L[]$ \OT1/cmr/m/n/12 keskv[]a[]artusel
e
 []

[39]

LaTeX Warning: Citation `Aspremont2003' on page 40 undefined on input line 1823
.


Overfull \hbox (6.58202pt too wide) in paragraph at lines 1823--1824
\OT1/cmr/m/n/12 hen-da-mi-ne on []uldjuhul ras-ke [][][]. K[]ull on sel-list t[
]u[]upi []ulesandeid v[]oimalik l[]odvendada,
 []


Overfull \hbox (31.5212pt too wide) in paragraph at lines 1823--1824
\OT1/cmr/m/n/12 mis[]ulesandeks [\OT1/cmr/bx/n/12 ?\OT1/cmr/m/n/12 , 2] -- see 
l[]odvendus osu-tus an-tud prob-lee-mi pu-hul aga lii-ga l[]odvaks. 
 []

[40] [41] (./Bakatoo_Vootele_Rotov.bbl [42]
Underfull \hbox (badness 10000) in paragraph at lines 84--87
[]\OT1/cmr/m/n/12 Nicholas Smith.  Examp-le of Li-kert Sca-le.
 []

) [43] <ois_tagasiside_toodeldud.png, id=623, 1139.25626pt x 542.025pt>
File: ois_tagasiside_toodeldud.png Graphic file (type png)

<use ois_tagasiside_toodeldud.png>
Package pdftex.def Info: ois_tagasiside_toodeldud.png used on input line 1871.
(pdftex.def)             Requested size: 418.25368pt x 198.99123pt.

<Example_Likert_Scale.png, id=626, 1003.75pt x 1525.7pt>
File: Example_Likert_Scale.png Graphic file (type png)

<use Example_Likert_Scale.png>
Package pdftex.def Info: Example_Likert_Scale.png used on input line 1878.
(pdftex.def)             Requested size: 355.51817pt x 540.3818pt.
 [44 <./ois_tagasiside_toodeldud.png>]
Overfull \hbox (3.14653pt too wide) in paragraph at lines 1894--1912
 [] 
 []

[45 <./Example_Likert_Scale.png>]
Overfull \hbox (10.91872pt too wide) in paragraph at lines 1937--1955
 [] 
 []


Overfull \hbox (3.14653pt too wide) in paragraph at lines 1979--1997
 [] 
 []

[46]
\openout4 = `Bakatoo_Vootele_Rotov.pyg'.

runsystem(pygmentize -l python -f latex -F tokenmerge            -P linenos -P 
"verboptions= ,tabsize=2,fontsize=\footnotesize ,numberblanklines=false" -o Bak
atoo_Vootele_Rotov.out.pyg Bakatoo_Vootele_Rotov.pyg)...executed.



Package mdframed Warning: Unknown definedstyle default
 You have to define a style 
 via \mdfdefinedstyle
(mdframed)                 on input line 2044.

Package mdframed Info: mdframed detected package amsthm 
 changed the theorem header of amsthm
(mdframed)              on input line 2044.
(./Bakatoo_Vootele_Rotov.out.pyg
LaTeX Font Info:    Font shape `OT1/cmtt/bx/n' in size <10> not available
(Font)              Font shape `OT1/cmtt/m/n' tried instead on input line 2.
)
runsystem(rm Bakatoo_Vootele_Rotov.out.pyg)...executed.

runsystem(rm Bakatoo_Vootele_Rotov.pyg)...executed.



Package caption Warning: The option `hypcap=true' will be ignored for this
(caption)                particular \caption on input line 2045.
See the caption package documentation for explanation.

Package hyperref Info: bookmark level for unknown Programm defaults to 0 on inp
ut line 2045.
\openout4 = `Bakatoo_Vootele_Rotov.pyg'.

runsystem(pygmentize -l python -f latex -F tokenmerge            -P linenos -P 
"verboptions= ,tabsize=2,fontsize=\footnotesize ,numberblanklines=false" -o Bak
atoo_Vootele_Rotov.out.pyg Bakatoo_Vootele_Rotov.pyg)...executed.


Package mdframed Warning: Unknown definedstyle default
 You have to define a style 
 via \mdfdefinedstyle
(mdframed)                 on input line 2070.

Package mdframed Info: mdframed detected package amsthm 
 changed the theorem header of amsthm
(mdframed)              on input line 2070.
(./Bakatoo_Vootele_Rotov.out.pyg) [47]
runsystem(rm Bakatoo_Vootele_Rotov.out.pyg)...executed.

runsystem(rm Bakatoo_Vootele_Rotov.pyg)...executed.



Package caption Warning: The option `hypcap=true' will be ignored for this
(caption)                particular \caption on input line 2071.
See the caption package documentation for explanation.

\openout4 = `Bakatoo_Vootele_Rotov.pyg'.

runsystem(pygmentize -l python -f latex -F tokenmerge            -P linenos -P 
"verboptions= ,tabsize=2,fontsize=\footnotesize ,numberblanklines=false" -o Bak
atoo_Vootele_Rotov.out.pyg Bakatoo_Vootele_Rotov.pyg)...executed.


Package mdframed Warning: Unknown definedstyle default
 You have to define a style 
 via \mdfdefinedstyle
(mdframed)                 on input line 2083.

Package mdframed Info: mdframed detected package amsthm 
 changed the theorem header of amsthm
(mdframed)              on input line 2083.
(./Bakatoo_Vootele_Rotov.out.pyg)
runsystem(rm Bakatoo_Vootele_Rotov.out.pyg)...executed.

runsystem(rm Bakatoo_Vootele_Rotov.pyg)...executed.



Package caption Warning: The option `hypcap=true' will be ignored for this
(caption)                particular \caption on input line 2084.
See the caption package documentation for explanation.

\openout4 = `Bakatoo_Vootele_Rotov.pyg'.

runsystem(pygmentize -l python -f latex -F tokenmerge            -P linenos -P 
"verboptions= ,tabsize=2,fontsize=\footnotesize ,numberblanklines=false" -o Bak
atoo_Vootele_Rotov.out.pyg Bakatoo_Vootele_Rotov.pyg)...executed.


Package mdframed Warning: Unknown definedstyle default
 You have to define a style 
 via \mdfdefinedstyle
(mdframed)                 on input line 2136.

Package mdframed Info: mdframed detected package amsthm 
 changed the theorem header of amsthm
(mdframed)              on input line 2136.
(./Bakatoo_Vootele_Rotov.out.pyg) [48]
runsystem(rm Bakatoo_Vootele_Rotov.out.pyg)...executed.

runsystem(rm Bakatoo_Vootele_Rotov.pyg)...executed.



Package caption Warning: The option `hypcap=true' will be ignored for this
(caption)                particular \caption on input line 2137.
See the caption package documentation for explanation.

\openout4 = `Bakatoo_Vootele_Rotov.pyg'.

runsystem(pygmentize -l python -f latex -F tokenmerge            -P linenos -P 
"verboptions= ,tabsize=2,fontsize=\footnotesize ,numberblanklines=false" -o Bak
atoo_Vootele_Rotov.out.pyg Bakatoo_Vootele_Rotov.pyg)...executed.


Package mdframed Warning: Unknown definedstyle default
 You have to define a style 
 via \mdfdefinedstyle
(mdframed)                 on input line 2234.

Package mdframed Info: mdframed detected package amsthm 
 changed the theorem header of amsthm
(mdframed)              on input line 2234.
(./Bakatoo_Vootele_Rotov.out.pyg) [49] [50]
runsystem(rm Bakatoo_Vootele_Rotov.out.pyg)...executed.

runsystem(rm Bakatoo_Vootele_Rotov.pyg)...executed.



Package caption Warning: The option `hypcap=true' will be ignored for this
(caption)                particular \caption on input line 2235.
See the caption package documentation for explanation.

\openout4 = `Bakatoo_Vootele_Rotov.pyg'.

runsystem(pygmentize -l python -f latex -F tokenmerge             -P "verboptio
ns= ,tabsize=2,fontsize=\footnotesize " -o Bakatoo_Vootele_Rotov.out.pyg Bakato
o_Vootele_Rotov.pyg)...executed.


Package mdframed Warning: Unknown definedstyle default
 You have to define a style 
 via \mdfdefinedstyle
(mdframed)                 on input line 2271.

Package mdframed Info: mdframed detected package amsthm 
 changed the theorem header of amsthm
(mdframed)              on input line 2271.
(./Bakatoo_Vootele_Rotov.out.pyg)
runsystem(rm Bakatoo_Vootele_Rotov.out.pyg)...executed.

runsystem(rm Bakatoo_Vootele_Rotov.pyg)...executed.



Package caption Warning: The option `hypcap=true' will be ignored for this
(caption)                particular \caption on input line 2272.
See the caption package documentation for explanation.

[51]
Overfull \hbox (0.17384pt too wide) in paragraph at lines 2309--2312
[]\OT1/cmr/m/n/12 kinnitan, et liht-lit-sent-si and-mi-se-ga ei ri-ku-ta teis-t
e isi-ku-te intellektuaal-omandi
 []

pdfTeX warning (ext4): destination with the same identifier (name{page.1}) has 
been already used, duplicate ignored
<to be read again> 
                   \relax 
l.2320 \end{titlepage}
                       [1]
Package atveryend Info: Empty hook `BeforeClearDocument' on input line 2324.
Package atveryend Info: Empty hook `AfterLastShipout' on input line 2324.
 (./Bakatoo_Vootele_Rotov.aux)
Package atveryend Info: Executing hook `AtVeryEndDocument' on input line 2324.
Package atveryend Info: Executing hook `AtEndAfterFileList' on input line 2324.

Package rerunfilecheck Info: File `Bakatoo_Vootele_Rotov.out' has not changed.
(rerunfilecheck)             Checksum: AFC729E3199185997013904B08B08AD2;2465.


LaTeX Warning: There were undefined references.


LaTeX Warning: There were multiply-defined labels.

 ) 
Here is how much of TeX's memory you used:
 25760 strings out of 494428
 457759 string characters out of 6165567
 577866 words of memory out of 5000000
 28274 multiletter control sequences out of 15000+600000
 20977 words of font info for 78 fonts, out of 8000000 for 9000
 372 hyphenation exceptions out of 8191
 56i,20n,81p,10455b,1011s stack positions out of 5000i,500n,10000p,200000b,80000s
</usr/share/texlive/texmf-dist/fonts/type1/public/amsfonts/cm/cmbx10.pfb></us
r/share/texlive/texmf-dist/fonts/type1/public/amsfonts/cm/cmbx12.pfb></usr/shar
e/texlive/texmf-dist/fonts/type1/public/amsfonts/cm/cmcsc10.pfb></usr/share/tex
live/texmf-dist/fonts/type1/public/amsfonts/cm/cmex10.pfb></usr/share/texlive/t
exmf-dist/fonts/type1/public/amsfonts/cmextra/cmex8.pfb></usr/share/texlive/tex
mf-dist/fonts/type1/public/amsfonts/cm/cmitt10.pfb></usr/share/texlive/texmf-di
st/fonts/type1/public/amsfonts/cm/cmmi10.pfb></usr/share/texlive/texmf-dist/fon
ts/type1/public/amsfonts/cm/cmmi12.pfb></usr/share/texlive/texmf-dist/fonts/typ
e1/public/amsfonts/cm/cmmi6.pfb></usr/share/texlive/texmf-dist/fonts/type1/publ
ic/amsfonts/cm/cmmi8.pfb></usr/share/texlive/texmf-dist/fonts/type1/public/amsf
onts/cm/cmr10.pfb></usr/share/texlive/texmf-dist/fonts/type1/public/amsfonts/cm
/cmr12.pfb></usr/share/texlive/texmf-dist/fonts/type1/public/amsfonts/cm/cmr6.p
fb></usr/share/texlive/texmf-dist/fonts/type1/public/amsfonts/cm/cmr8.pfb></usr
/share/texlive/texmf-dist/fonts/type1/public/amsfonts/cm/cmss12.pfb></usr/share
/texlive/texmf-dist/fonts/type1/public/amsfonts/cm/cmsy10.pfb></usr/share/texli
ve/texmf-dist/fonts/type1/public/amsfonts/cm/cmsy6.pfb></usr/share/texlive/texm
f-dist/fonts/type1/public/amsfonts/cm/cmsy8.pfb></usr/share/texlive/texmf-dist/
fonts/type1/public/amsfonts/cm/cmti10.pfb></usr/share/texlive/texmf-dist/fonts/
type1/public/amsfonts/cm/cmti12.pfb></usr/share/texlive/texmf-dist/fonts/type1/
public/amsfonts/cm/cmti7.pfb></usr/share/texlive/texmf-dist/fonts/type1/public/
amsfonts/cm/cmti8.pfb></usr/share/texlive/texmf-dist/fonts/type1/public/amsfont
s/cm/cmtt10.pfb></usr/share/texlive/texmf-dist/fonts/type1/public/amsfonts/cm/c
mtt12.pfb></usr/share/texlive/texmf-dist/fonts/type1/public/amsfonts/symbols/ms
bm10.pfb></usr/share/texlive/texmf-dist/fonts/type1/urw/zapfding/uzdr.pfb>
Output written on Bakatoo_Vootele_Rotov.pdf (53 pages, 585261 bytes).
PDF statistics:
 807 PDF objects out of 1000 (max. 8388607)
 180 named destinations out of 1000 (max. 500000)
 417 words of extra memory for PDF output out of 10000 (max. 10000000)

