\BOOKMARK [1][-]{section.1}{Sissejuhatus}{}% 1
\BOOKMARK [1][-]{section.2}{Taustinfo ja probleemip\374stitus}{}% 2
\BOOKMARK [2][-]{subsection.2.1}{Taustinfo}{section.2}% 3
\BOOKMARK [3][-]{subsubsection.2.1.1}{K\374simustik, k\374simus ja Likerti skaala}{subsection.2.1}% 4
\BOOKMARK [3][-]{subsubsection.2.1.2}{Likerti skaala t\365lgendamine intervallskaalana}{subsection.2.1}% 5
\BOOKMARK [3][-]{subsubsection.2.1.3}{Testi valiidsus}{subsection.2.1}% 6
\BOOKMARK [3][-]{subsubsection.2.1.4}{Testi reliaablus}{subsection.2.1}% 7
\BOOKMARK [3][-]{subsubsection.2.1.5}{Valiidsuse ja reliaabluse suhe}{subsection.2.1}% 8
\BOOKMARK [3][-]{subsubsection.2.1.6}{Sisemine j\344rjepidevus}{subsection.2.1}% 9
\BOOKMARK [2][-]{subsection.2.2}{Probleemi p\374stitus}{section.2}% 10
\BOOKMARK [1][-]{section.3}{Reliaablus klassikalises testiteoorias}{}% 11
\BOOKMARK [2][-]{subsection.3.1}{Reliaabluse definitsioon}{section.3}% 12
\BOOKMARK [2][-]{subsection.3.2}{Reliaabluse hindamine}{section.3}% 13
\BOOKMARK [1][-]{section.4}{Alumised t\365kked reliaablusele}{}% 14
\BOOKMARK [2][-]{subsubsection.4.0.1}{Alumine t\365ke 1}{section.4}% 15
\BOOKMARK [3][-]{subsubsection.4.0.2}{Alumine t\365ke 2}{subsubsection.4.0.1}% 16
\BOOKMARK [3][-]{subsubsection.4.0.3}{Alumine t\365ke 3}{subsubsection.4.0.1}% 17
\BOOKMARK [3][-]{subsubsection.4.0.4}{Alumine t\365ke 4}{subsubsection.4.0.1}% 18
\BOOKMARK [3][-]{subsubsection.4.0.5}{Alumine t\365ke glb}{subsubsection.4.0.1}% 19
\BOOKMARK [2][-]{subsection.4.1}{Cronbachi alfa}{section.4}% 20
\BOOKMARK [1][-]{section.5}{\334lesande p\374stitus}{}% 21
\BOOKMARK [1][-]{section.6}{\334lesande matemaatiline p\374stitus}{}% 22
\BOOKMARK [1][-]{section.7}{\334lesande t\374\374bi keerekuse anal\374\374s}{}% 23
\BOOKMARK [2][-]{subsection.7.1}{Kahendt\344isarv programm}{section.7}% 24
\BOOKMARK [2][-]{subsection.7.2}{NP-Hard probleemid}{section.7}% 25
\BOOKMARK [1][-]{section.8}{\334lesande anal\374\374siks vajalik taust}{}% 26
\BOOKMARK [2][-]{subsection.8.1}{Kumerus}{section.8}% 27
\BOOKMARK [1][-]{section.9}{Lahenduse idee}{}% 28
\BOOKMARK [1][-]{section.10}{Teisendus QCQP t\374\374pi \374lesandelt SDP t\374\374pi \374lesandele}{}% 29
\BOOKMARK [1][-]{section.11}{Teek}{}% 30
\BOOKMARK [1][-]{section.12}{Lisa}{}% 31
